INFO 2025-09-23 14:12:08,613 autoreload 24560 16292 Watching for file changes with StatReloader
INFO 2025-09-23 14:29:04,408 autoreload 16676 9140 Watching for file changes with StatReloader
INFO 2025-09-23 14:29:11,117 basehttp 16676 16488 "GET / HTTP/1.1" 302 0
WARNING 2025-09-23 14:29:11,145 base 16676 16488 Session data corrupted
INFO 2025-09-23 14:29:11,165 basehttp 16676 16488 "GET /dashboard/ HTTP/1.1" 302 0
WARNING 2025-09-23 14:29:11,178 base 16676 16488 Session data corrupted
INFO 2025-09-23 14:29:11,190 basehttp 16676 16488 "GET /auth/login/?next=/dashboard/ HTTP/1.1" 200 8689
WARNING 2025-09-23 14:29:17,180 base 16676 16488 Session data corrupted
INFO 2025-09-23 14:29:17,186 basehttp 16676 16488 "GET /accounts/google/login/?next=%2Fdashboard%2F HTTP/1.1" 302 0
INFO 2025-09-23 14:29:27,030 basehttp 16676 16488 "POST /auth/login/ HTTP/1.1" 302 0
INFO 2025-09-23 14:29:27,071 basehttp 16676 16488 "GET /dashboard/ HTTP/1.1" 200 56749
INFO 2025-09-23 14:29:33,559 basehttp 16676 16488 "GET /courses/developpement-web-moderne/ HTTP/1.1" 200 72883
INFO 2025-09-23 14:29:36,855 basehttp 16676 16488 "GET /enrollments/my-courses/ HTTP/1.1" 200 35623
INFO 2025-09-23 14:29:40,434 basehttp 16676 16488 "GET /courses/python-pour-debutants/ HTTP/1.1" 200 49610
ERROR 2025-09-23 14:29:44,121 log 16676 16488 Internal Server Error: /courses/python-pour-debutants/lesson/presentation-du-cours/
Traceback (most recent call last):
  File "C:\Users\frejus\Downloads\wim\wim-plateform\venv\Lib\site-packages\django\core\handlers\exception.py", line 55, in inner
    response = get_response(request)
  File "C:\Users\frejus\Downloads\wim\wim-plateform\venv\Lib\site-packages\django\core\handlers\base.py", line 220, in _get_response
    response = response.render()
  File "C:\Users\frejus\Downloads\wim\wim-plateform\venv\Lib\site-packages\django\template\response.py", line 114, in render
    self.content = self.rendered_content
                   ^^^^^^^^^^^^^^^^^^^^^
  File "C:\Users\frejus\Downloads\wim\wim-plateform\venv\Lib\site-packages\django\template\response.py", line 90, in rendered_content
    template = self.resolve_template(self.template_name)
  File "C:\Users\frejus\Downloads\wim\wim-plateform\venv\Lib\site-packages\django\template\response.py", line 72, in resolve_template
    return select_template(template, using=self.using)
  File "C:\Users\frejus\Downloads\wim\wim-plateform\venv\Lib\site-packages\django\template\loader.py", line 42, in select_template
    return engine.get_template(template_name)
           ~~~~~~~~~~~~~~~~~~~^^^^^^^^^^^^^^^
  File "C:\Users\frejus\Downloads\wim\wim-plateform\venv\Lib\site-packages\django\template\backends\django.py", line 33, in get_template
    return Template(self.engine.get_template(template_name), self)
                    ~~~~~~~~~~~~~~~~~~~~~~~~^^^^^^^^^^^^^^^
  File "C:\Users\frejus\Downloads\wim\wim-plateform\venv\Lib\site-packages\django\template\engine.py", line 177, in get_template
    template, origin = self.find_template(template_name)
                       ~~~~~~~~~~~~~~~~~~^^^^^^^^^^^^^^^
  File "C:\Users\frejus\Downloads\wim\wim-plateform\venv\Lib\site-packages\django\template\engine.py", line 159, in find_template
    template = loader.get_template(name, skip=skip)
  File "C:\Users\frejus\Downloads\wim\wim-plateform\venv\Lib\site-packages\django\template\loaders\cached.py", line 57, in get_template
    template = super().get_template(template_name, skip)
  File "C:\Users\frejus\Downloads\wim\wim-plateform\venv\Lib\site-packages\django\template\loaders\base.py", line 28, in get_template
    return Template(
        contents,
    ...<2 lines>...
        self.engine,
    )
  File "C:\Users\frejus\Downloads\wim\wim-plateform\venv\Lib\site-packages\django\template\base.py", line 154, in __init__
    self.nodelist = self.compile_nodelist()
                    ~~~~~~~~~~~~~~~~~~~~~^^
  File "C:\Users\frejus\Downloads\wim\wim-plateform\venv\Lib\site-packages\django\template\base.py", line 196, in compile_nodelist
    return parser.parse()
           ~~~~~~~~~~~~^^
  File "C:\Users\frejus\Downloads\wim\wim-plateform\venv\Lib\site-packages\django\template\base.py", line 510, in parse
    raise self.error(token, e)
  File "C:\Users\frejus\Downloads\wim\wim-plateform\venv\Lib\site-packages\django\template\base.py", line 508, in parse
    compiled_result = compile_func(self, token)
  File "C:\Users\frejus\Downloads\wim\wim-plateform\venv\Lib\site-packages\django\template\loader_tags.py", line 295, in do_extends
    nodelist = parser.parse()
  File "C:\Users\frejus\Downloads\wim\wim-plateform\venv\Lib\site-packages\django\template\base.py", line 510, in parse
    raise self.error(token, e)
  File "C:\Users\frejus\Downloads\wim\wim-plateform\venv\Lib\site-packages\django\template\base.py", line 508, in parse
    compiled_result = compile_func(self, token)
  File "C:\Users\frejus\Downloads\wim\wim-plateform\venv\Lib\site-packages\django\template\loader_tags.py", line 234, in do_block
    nodelist = parser.parse(("endblock",))
  File "C:\Users\frejus\Downloads\wim\wim-plateform\venv\Lib\site-packages\django\template\base.py", line 510, in parse
    raise self.error(token, e)
  File "C:\Users\frejus\Downloads\wim\wim-plateform\venv\Lib\site-packages\django\template\base.py", line 508, in parse
    compiled_result = compile_func(self, token)
  File "C:\Users\frejus\Downloads\wim\wim-plateform\venv\Lib\site-packages\django\template\defaulttags.py", line 961, in do_if
    nodelist = parser.parse(("elif", "else", "endif"))
  File "C:\Users\frejus\Downloads\wim\wim-plateform\venv\Lib\site-packages\django\template\base.py", line 510, in parse
    raise self.error(token, e)
  File "C:\Users\frejus\Downloads\wim\wim-plateform\venv\Lib\site-packages\django\template\base.py", line 508, in parse
    compiled_result = compile_func(self, token)
  File "C:\Users\frejus\Downloads\wim\wim-plateform\venv\Lib\site-packages\django\template\defaulttags.py", line 860, in do_for
    sequence = parser.compile_filter(bits[in_index + 1])
  File "C:\Users\frejus\Downloads\wim\wim-plateform\venv\Lib\site-packages\django\template\base.py", line 597, in compile_filter
    return FilterExpression(token, self)
  File "C:\Users\frejus\Downloads\wim\wim-plateform\venv\Lib\site-packages\django\template\base.py", line 693, in __init__
    filter_func = parser.find_filter(filter_name)
  File "C:\Users\frejus\Downloads\wim\wim-plateform\venv\Lib\site-packages\django\template\base.py", line 603, in find_filter
    raise TemplateSyntaxError("Invalid filter: '%s'" % filter_name)
django.template.exceptions.TemplateSyntaxError: Invalid filter: 'split'
ERROR 2025-09-23 14:29:44,127 basehttp 16676 16488 "GET /courses/python-pour-debutants/lesson/presentation-du-cours/ HTTP/1.1" 500 283597
INFO 2025-09-23 14:30:07,915 basehttp 16676 16488 "GET /courses/ HTTP/1.1" 200 61827
INFO 2025-09-23 14:30:12,862 basehttp 16676 16488 "GET /enrollments/my-courses/ HTTP/1.1" 200 35623
INFO 2025-09-23 14:30:14,166 basehttp 16676 16488 "GET /courses/react-js-complet/ HTTP/1.1" 200 48150
ERROR 2025-09-23 14:30:17,171 log 16676 16488 Internal Server Error: /courses/react-js-complet/lesson/jsx-et-composants/
Traceback (most recent call last):
  File "C:\Users\frejus\Downloads\wim\wim-plateform\venv\Lib\site-packages\django\core\handlers\exception.py", line 55, in inner
    response = get_response(request)
  File "C:\Users\frejus\Downloads\wim\wim-plateform\venv\Lib\site-packages\django\core\handlers\base.py", line 220, in _get_response
    response = response.render()
  File "C:\Users\frejus\Downloads\wim\wim-plateform\venv\Lib\site-packages\django\template\response.py", line 114, in render
    self.content = self.rendered_content
                   ^^^^^^^^^^^^^^^^^^^^^
  File "C:\Users\frejus\Downloads\wim\wim-plateform\venv\Lib\site-packages\django\template\response.py", line 90, in rendered_content
    template = self.resolve_template(self.template_name)
  File "C:\Users\frejus\Downloads\wim\wim-plateform\venv\Lib\site-packages\django\template\response.py", line 72, in resolve_template
    return select_template(template, using=self.using)
  File "C:\Users\frejus\Downloads\wim\wim-plateform\venv\Lib\site-packages\django\template\loader.py", line 42, in select_template
    return engine.get_template(template_name)
           ~~~~~~~~~~~~~~~~~~~^^^^^^^^^^^^^^^
  File "C:\Users\frejus\Downloads\wim\wim-plateform\venv\Lib\site-packages\django\template\backends\django.py", line 33, in get_template
    return Template(self.engine.get_template(template_name), self)
                    ~~~~~~~~~~~~~~~~~~~~~~~~^^^^^^^^^^^^^^^
  File "C:\Users\frejus\Downloads\wim\wim-plateform\venv\Lib\site-packages\django\template\engine.py", line 177, in get_template
    template, origin = self.find_template(template_name)
                       ~~~~~~~~~~~~~~~~~~^^^^^^^^^^^^^^^
  File "C:\Users\frejus\Downloads\wim\wim-plateform\venv\Lib\site-packages\django\template\engine.py", line 159, in find_template
    template = loader.get_template(name, skip=skip)
  File "C:\Users\frejus\Downloads\wim\wim-plateform\venv\Lib\site-packages\django\template\loaders\cached.py", line 57, in get_template
    template = super().get_template(template_name, skip)
  File "C:\Users\frejus\Downloads\wim\wim-plateform\venv\Lib\site-packages\django\template\loaders\base.py", line 28, in get_template
    return Template(
        contents,
    ...<2 lines>...
        self.engine,
    )
  File "C:\Users\frejus\Downloads\wim\wim-plateform\venv\Lib\site-packages\django\template\base.py", line 154, in __init__
    self.nodelist = self.compile_nodelist()
                    ~~~~~~~~~~~~~~~~~~~~~^^
  File "C:\Users\frejus\Downloads\wim\wim-plateform\venv\Lib\site-packages\django\template\base.py", line 196, in compile_nodelist
    return parser.parse()
           ~~~~~~~~~~~~^^
  File "C:\Users\frejus\Downloads\wim\wim-plateform\venv\Lib\site-packages\django\template\base.py", line 510, in parse
    raise self.error(token, e)
  File "C:\Users\frejus\Downloads\wim\wim-plateform\venv\Lib\site-packages\django\template\base.py", line 508, in parse
    compiled_result = compile_func(self, token)
  File "C:\Users\frejus\Downloads\wim\wim-plateform\venv\Lib\site-packages\django\template\loader_tags.py", line 295, in do_extends
    nodelist = parser.parse()
  File "C:\Users\frejus\Downloads\wim\wim-plateform\venv\Lib\site-packages\django\template\base.py", line 510, in parse
    raise self.error(token, e)
  File "C:\Users\frejus\Downloads\wim\wim-plateform\venv\Lib\site-packages\django\template\base.py", line 508, in parse
    compiled_result = compile_func(self, token)
  File "C:\Users\frejus\Downloads\wim\wim-plateform\venv\Lib\site-packages\django\template\loader_tags.py", line 234, in do_block
    nodelist = parser.parse(("endblock",))
  File "C:\Users\frejus\Downloads\wim\wim-plateform\venv\Lib\site-packages\django\template\base.py", line 510, in parse
    raise self.error(token, e)
  File "C:\Users\frejus\Downloads\wim\wim-plateform\venv\Lib\site-packages\django\template\base.py", line 508, in parse
    compiled_result = compile_func(self, token)
  File "C:\Users\frejus\Downloads\wim\wim-plateform\venv\Lib\site-packages\django\template\defaulttags.py", line 961, in do_if
    nodelist = parser.parse(("elif", "else", "endif"))
  File "C:\Users\frejus\Downloads\wim\wim-plateform\venv\Lib\site-packages\django\template\base.py", line 510, in parse
    raise self.error(token, e)
  File "C:\Users\frejus\Downloads\wim\wim-plateform\venv\Lib\site-packages\django\template\base.py", line 508, in parse
    compiled_result = compile_func(self, token)
  File "C:\Users\frejus\Downloads\wim\wim-plateform\venv\Lib\site-packages\django\template\defaulttags.py", line 860, in do_for
    sequence = parser.compile_filter(bits[in_index + 1])
  File "C:\Users\frejus\Downloads\wim\wim-plateform\venv\Lib\site-packages\django\template\base.py", line 597, in compile_filter
    return FilterExpression(token, self)
  File "C:\Users\frejus\Downloads\wim\wim-plateform\venv\Lib\site-packages\django\template\base.py", line 693, in __init__
    filter_func = parser.find_filter(filter_name)
  File "C:\Users\frejus\Downloads\wim\wim-plateform\venv\Lib\site-packages\django\template\base.py", line 603, in find_filter
    raise TemplateSyntaxError("Invalid filter: '%s'" % filter_name)
django.template.exceptions.TemplateSyntaxError: Invalid filter: 'split'
ERROR 2025-09-23 14:30:17,175 basehttp 16676 16488 "GET /courses/react-js-complet/lesson/jsx-et-composants/ HTTP/1.1" 500 283502
INFO 2025-09-23 14:30:23,429 basehttp 16676 16488 "GET /dashboard/ HTTP/1.1" 200 55590
INFO 2025-09-23 14:30:28,432 basehttp 16676 16488 "GET /progress/overview/ HTTP/1.1" 200 29666
INFO 2025-09-23 14:30:32,152 basehttp 16676 16488 "GET /certificates/gallery/ HTTP/1.1" 200 33291
INFO 2025-09-23 14:30:33,646 basehttp 16676 16488 "GET /users/profile/1/ HTTP/1.1" 200 31339
INFO 2025-09-23 14:30:41,398 basehttp 16676 16488 "GET /dashboard/ HTTP/1.1" 200 55590
INFO 2025-09-23 14:34:26,638 autoreload 17508 6068 Watching for file changes with StatReloader
INFO 2025-09-23 14:34:44,996 basehttp 17508 24140 "GET / HTTP/1.1" 302 0
INFO 2025-09-23 14:34:45,089 basehttp 17508 24140 "GET /dashboard/ HTTP/1.1" 200 55590
INFO 2025-09-23 14:34:52,617 basehttp 17508 24140 "GET /courses/react-js-complet/ HTTP/1.1" 200 48150
INFO 2025-09-23 14:34:59,539 basehttp 17508 24140 "GET /auth/logout/ HTTP/1.1" 302 0
INFO 2025-09-23 14:34:59,549 basehttp 17508 24140 "GET /auth/login/ HTTP/1.1" 200 8884
INFO 2025-09-23 14:35:01,280 basehttp 17508 24140 "GET /accounts/google/login/ HTTP/1.1" 302 0
INFO 2025-09-23 14:35:03,813 basehttp 17508 24140 "GET /auth/login/ HTTP/1.1" 200 8668
INFO 2025-09-23 14:35:06,362 basehttp 17508 24140 "POST /auth/login/ HTTP/1.1" 302 0
INFO 2025-09-23 14:35:06,386 basehttp 17508 24140 "GET /dashboard/ HTTP/1.1" 200 56749
INFO 2025-09-23 14:35:08,769 basehttp 17508 24140 "GET /auth/login/ HTTP/1.1" 302 0
INFO 2025-09-23 14:35:08,794 basehttp 17508 24140 "GET /dashboard/ HTTP/1.1" 200 55590
INFO 2025-09-23 14:35:11,129 basehttp 17508 24140 "GET /auth/logout/ HTTP/1.1" 302 0
INFO 2025-09-23 14:35:11,140 basehttp 17508 24140 "GET /auth/login/ HTTP/1.1" 200 8884
INFO 2025-09-23 14:35:12,401 basehttp 17508 24140 "GET /auth/register/ HTTP/1.1" 200 9306
INFO 2025-09-23 14:35:13,894 basehttp 17508 24140 "GET /auth/login/ HTTP/1.1" 200 8668
INFO 2025-09-23 14:35:15,130 basehttp 17508 24140 "GET /auth/password-reset/ HTTP/1.1" 200 4783
INFO 2025-09-23 14:35:16,820 basehttp 17508 24140 "GET /auth/login/ HTTP/1.1" 200 8668
INFO 2025-09-23 14:35:19,421 basehttp 17508 24140 "POST /auth/login/ HTTP/1.1" 302 0
INFO 2025-09-23 14:35:19,445 basehttp 17508 24140 "GET /dashboard/ HTTP/1.1" 200 56749
INFO 2025-09-23 14:35:22,051 basehttp 17508 24140 "GET /courses/python-pour-debutants/ HTTP/1.1" 200 49610
ERROR 2025-09-23 14:35:28,217 log 17508 24140 Internal Server Error: /courses/python-pour-debutants/lesson/presentation-du-cours/
Traceback (most recent call last):
  File "C:\Users\frejus\Downloads\wim\wim-plateform\venv\Lib\site-packages\django\core\handlers\exception.py", line 55, in inner
    response = get_response(request)
  File "C:\Users\frejus\Downloads\wim\wim-plateform\venv\Lib\site-packages\django\core\handlers\base.py", line 220, in _get_response
    response = response.render()
  File "C:\Users\frejus\Downloads\wim\wim-plateform\venv\Lib\site-packages\django\template\response.py", line 114, in render
    self.content = self.rendered_content
                   ^^^^^^^^^^^^^^^^^^^^^
  File "C:\Users\frejus\Downloads\wim\wim-plateform\venv\Lib\site-packages\django\template\response.py", line 90, in rendered_content
    template = self.resolve_template(self.template_name)
  File "C:\Users\frejus\Downloads\wim\wim-plateform\venv\Lib\site-packages\django\template\response.py", line 72, in resolve_template
    return select_template(template, using=self.using)
  File "C:\Users\frejus\Downloads\wim\wim-plateform\venv\Lib\site-packages\django\template\loader.py", line 42, in select_template
    return engine.get_template(template_name)
           ~~~~~~~~~~~~~~~~~~~^^^^^^^^^^^^^^^
  File "C:\Users\frejus\Downloads\wim\wim-plateform\venv\Lib\site-packages\django\template\backends\django.py", line 33, in get_template
    return Template(self.engine.get_template(template_name), self)
                    ~~~~~~~~~~~~~~~~~~~~~~~~^^^^^^^^^^^^^^^
  File "C:\Users\frejus\Downloads\wim\wim-plateform\venv\Lib\site-packages\django\template\engine.py", line 177, in get_template
    template, origin = self.find_template(template_name)
                       ~~~~~~~~~~~~~~~~~~^^^^^^^^^^^^^^^
  File "C:\Users\frejus\Downloads\wim\wim-plateform\venv\Lib\site-packages\django\template\engine.py", line 159, in find_template
    template = loader.get_template(name, skip=skip)
  File "C:\Users\frejus\Downloads\wim\wim-plateform\venv\Lib\site-packages\django\template\loaders\cached.py", line 57, in get_template
    template = super().get_template(template_name, skip)
  File "C:\Users\frejus\Downloads\wim\wim-plateform\venv\Lib\site-packages\django\template\loaders\base.py", line 28, in get_template
    return Template(
        contents,
    ...<2 lines>...
        self.engine,
    )
  File "C:\Users\frejus\Downloads\wim\wim-plateform\venv\Lib\site-packages\django\template\base.py", line 154, in __init__
    self.nodelist = self.compile_nodelist()
                    ~~~~~~~~~~~~~~~~~~~~~^^
  File "C:\Users\frejus\Downloads\wim\wim-plateform\venv\Lib\site-packages\django\template\base.py", line 196, in compile_nodelist
    return parser.parse()
           ~~~~~~~~~~~~^^
  File "C:\Users\frejus\Downloads\wim\wim-plateform\venv\Lib\site-packages\django\template\base.py", line 510, in parse
    raise self.error(token, e)
  File "C:\Users\frejus\Downloads\wim\wim-plateform\venv\Lib\site-packages\django\template\base.py", line 508, in parse
    compiled_result = compile_func(self, token)
  File "C:\Users\frejus\Downloads\wim\wim-plateform\venv\Lib\site-packages\django\template\loader_tags.py", line 295, in do_extends
    nodelist = parser.parse()
  File "C:\Users\frejus\Downloads\wim\wim-plateform\venv\Lib\site-packages\django\template\base.py", line 510, in parse
    raise self.error(token, e)
  File "C:\Users\frejus\Downloads\wim\wim-plateform\venv\Lib\site-packages\django\template\base.py", line 508, in parse
    compiled_result = compile_func(self, token)
  File "C:\Users\frejus\Downloads\wim\wim-plateform\venv\Lib\site-packages\django\template\loader_tags.py", line 234, in do_block
    nodelist = parser.parse(("endblock",))
  File "C:\Users\frejus\Downloads\wim\wim-plateform\venv\Lib\site-packages\django\template\base.py", line 510, in parse
    raise self.error(token, e)
  File "C:\Users\frejus\Downloads\wim\wim-plateform\venv\Lib\site-packages\django\template\base.py", line 508, in parse
    compiled_result = compile_func(self, token)
  File "C:\Users\frejus\Downloads\wim\wim-plateform\venv\Lib\site-packages\django\template\defaulttags.py", line 961, in do_if
    nodelist = parser.parse(("elif", "else", "endif"))
  File "C:\Users\frejus\Downloads\wim\wim-plateform\venv\Lib\site-packages\django\template\base.py", line 510, in parse
    raise self.error(token, e)
  File "C:\Users\frejus\Downloads\wim\wim-plateform\venv\Lib\site-packages\django\template\base.py", line 508, in parse
    compiled_result = compile_func(self, token)
  File "C:\Users\frejus\Downloads\wim\wim-plateform\venv\Lib\site-packages\django\template\defaulttags.py", line 860, in do_for
    sequence = parser.compile_filter(bits[in_index + 1])
  File "C:\Users\frejus\Downloads\wim\wim-plateform\venv\Lib\site-packages\django\template\base.py", line 597, in compile_filter
    return FilterExpression(token, self)
  File "C:\Users\frejus\Downloads\wim\wim-plateform\venv\Lib\site-packages\django\template\base.py", line 693, in __init__
    filter_func = parser.find_filter(filter_name)
  File "C:\Users\frejus\Downloads\wim\wim-plateform\venv\Lib\site-packages\django\template\base.py", line 603, in find_filter
    raise TemplateSyntaxError("Invalid filter: '%s'" % filter_name)
django.template.exceptions.TemplateSyntaxError: Invalid filter: 'split'
ERROR 2025-09-23 14:35:28,222 basehttp 17508 24140 "GET /courses/python-pour-debutants/lesson/presentation-du-cours/ HTTP/1.1" 500 283597
INFO 2025-09-23 14:35:35,604 basehttp 17508 24140 "GET /enrollments/my-courses/ HTTP/1.1" 200 35623
INFO 2025-09-23 14:35:37,164 basehttp 17508 24140 "GET /certificates/gallery/ HTTP/1.1" 200 33291
INFO 2025-09-23 14:35:39,493 basehttp 17508 24140 "GET /courses/ HTTP/1.1" 200 61827
INFO 2025-09-23 14:35:41,972 basehttp 17508 24140 "GET /courses/developpement-web-moderne/ HTTP/1.1" 200 72883
INFO 2025-09-23 14:35:50,245 basehttp 17508 24140 "GET /enrollments/my-courses/ HTTP/1.1" 200 35623
INFO 2025-09-23 14:35:52,409 basehttp 17508 24140 "GET /courses/react-js-complet/ HTTP/1.1" 200 48150
ERROR 2025-09-23 14:35:53,852 log 17508 24140 Internal Server Error: /courses/react-js-complet/lesson/jsx-et-composants/
Traceback (most recent call last):
  File "C:\Users\frejus\Downloads\wim\wim-plateform\venv\Lib\site-packages\django\core\handlers\exception.py", line 55, in inner
    response = get_response(request)
  File "C:\Users\frejus\Downloads\wim\wim-plateform\venv\Lib\site-packages\django\core\handlers\base.py", line 220, in _get_response
    response = response.render()
  File "C:\Users\frejus\Downloads\wim\wim-plateform\venv\Lib\site-packages\django\template\response.py", line 114, in render
    self.content = self.rendered_content
                   ^^^^^^^^^^^^^^^^^^^^^
  File "C:\Users\frejus\Downloads\wim\wim-plateform\venv\Lib\site-packages\django\template\response.py", line 90, in rendered_content
    template = self.resolve_template(self.template_name)
  File "C:\Users\frejus\Downloads\wim\wim-plateform\venv\Lib\site-packages\django\template\response.py", line 72, in resolve_template
    return select_template(template, using=self.using)
  File "C:\Users\frejus\Downloads\wim\wim-plateform\venv\Lib\site-packages\django\template\loader.py", line 42, in select_template
    return engine.get_template(template_name)
           ~~~~~~~~~~~~~~~~~~~^^^^^^^^^^^^^^^
  File "C:\Users\frejus\Downloads\wim\wim-plateform\venv\Lib\site-packages\django\template\backends\django.py", line 33, in get_template
    return Template(self.engine.get_template(template_name), self)
                    ~~~~~~~~~~~~~~~~~~~~~~~~^^^^^^^^^^^^^^^
  File "C:\Users\frejus\Downloads\wim\wim-plateform\venv\Lib\site-packages\django\template\engine.py", line 177, in get_template
    template, origin = self.find_template(template_name)
                       ~~~~~~~~~~~~~~~~~~^^^^^^^^^^^^^^^
  File "C:\Users\frejus\Downloads\wim\wim-plateform\venv\Lib\site-packages\django\template\engine.py", line 159, in find_template
    template = loader.get_template(name, skip=skip)
  File "C:\Users\frejus\Downloads\wim\wim-plateform\venv\Lib\site-packages\django\template\loaders\cached.py", line 57, in get_template
    template = super().get_template(template_name, skip)
  File "C:\Users\frejus\Downloads\wim\wim-plateform\venv\Lib\site-packages\django\template\loaders\base.py", line 28, in get_template
    return Template(
        contents,
    ...<2 lines>...
        self.engine,
    )
  File "C:\Users\frejus\Downloads\wim\wim-plateform\venv\Lib\site-packages\django\template\base.py", line 154, in __init__
    self.nodelist = self.compile_nodelist()
                    ~~~~~~~~~~~~~~~~~~~~~^^
  File "C:\Users\frejus\Downloads\wim\wim-plateform\venv\Lib\site-packages\django\template\base.py", line 196, in compile_nodelist
    return parser.parse()
           ~~~~~~~~~~~~^^
  File "C:\Users\frejus\Downloads\wim\wim-plateform\venv\Lib\site-packages\django\template\base.py", line 510, in parse
    raise self.error(token, e)
  File "C:\Users\frejus\Downloads\wim\wim-plateform\venv\Lib\site-packages\django\template\base.py", line 508, in parse
    compiled_result = compile_func(self, token)
  File "C:\Users\frejus\Downloads\wim\wim-plateform\venv\Lib\site-packages\django\template\loader_tags.py", line 295, in do_extends
    nodelist = parser.parse()
  File "C:\Users\frejus\Downloads\wim\wim-plateform\venv\Lib\site-packages\django\template\base.py", line 510, in parse
    raise self.error(token, e)
  File "C:\Users\frejus\Downloads\wim\wim-plateform\venv\Lib\site-packages\django\template\base.py", line 508, in parse
    compiled_result = compile_func(self, token)
  File "C:\Users\frejus\Downloads\wim\wim-plateform\venv\Lib\site-packages\django\template\loader_tags.py", line 234, in do_block
    nodelist = parser.parse(("endblock",))
  File "C:\Users\frejus\Downloads\wim\wim-plateform\venv\Lib\site-packages\django\template\base.py", line 510, in parse
    raise self.error(token, e)
  File "C:\Users\frejus\Downloads\wim\wim-plateform\venv\Lib\site-packages\django\template\base.py", line 508, in parse
    compiled_result = compile_func(self, token)
  File "C:\Users\frejus\Downloads\wim\wim-plateform\venv\Lib\site-packages\django\template\defaulttags.py", line 961, in do_if
    nodelist = parser.parse(("elif", "else", "endif"))
  File "C:\Users\frejus\Downloads\wim\wim-plateform\venv\Lib\site-packages\django\template\base.py", line 510, in parse
    raise self.error(token, e)
  File "C:\Users\frejus\Downloads\wim\wim-plateform\venv\Lib\site-packages\django\template\base.py", line 508, in parse
    compiled_result = compile_func(self, token)
  File "C:\Users\frejus\Downloads\wim\wim-plateform\venv\Lib\site-packages\django\template\defaulttags.py", line 860, in do_for
    sequence = parser.compile_filter(bits[in_index + 1])
  File "C:\Users\frejus\Downloads\wim\wim-plateform\venv\Lib\site-packages\django\template\base.py", line 597, in compile_filter
    return FilterExpression(token, self)
  File "C:\Users\frejus\Downloads\wim\wim-plateform\venv\Lib\site-packages\django\template\base.py", line 693, in __init__
    filter_func = parser.find_filter(filter_name)
  File "C:\Users\frejus\Downloads\wim\wim-plateform\venv\Lib\site-packages\django\template\base.py", line 603, in find_filter
    raise TemplateSyntaxError("Invalid filter: '%s'" % filter_name)
django.template.exceptions.TemplateSyntaxError: Invalid filter: 'split'
ERROR 2025-09-23 14:35:53,856 basehttp 17508 24140 "GET /courses/react-js-complet/lesson/jsx-et-composants/ HTTP/1.1" 500 283502
INFO 2025-09-23 14:35:58,032 basehttp 17508 24140 "GET /dashboard/ HTTP/1.1" 200 55590
INFO 2025-09-23 15:07:17,403 autoreload 6156 9820 Watching for file changes with StatReloader
WARNING 2025-09-23 15:11:15,058 services 9124 2036 Playlist not found: PLDyQo7g0_nsX8_gZAB8KD1lL4j4halQBJ
INFO 2025-09-23 15:40:49,467 autoreload 16680 30432 Watching for file changes with StatReloader
INFO 2025-09-23 15:40:52,794 basehttp 16680 936 "GET / HTTP/1.1" 302 0
INFO 2025-09-23 15:40:52,891 basehttp 16680 936 "GET /dashboard/ HTTP/1.1" 200 59765
INFO 2025-09-23 15:41:00,451 basehttp 16680 936 "GET /courses/ HTTP/1.1" 200 73520
INFO 2025-09-23 15:41:07,422 basehttp 16680 936 "GET /enrollments/my-courses/ HTTP/1.1" 200 35623
INFO 2025-09-23 15:41:09,298 basehttp 16680 936 "GET /courses/python-pour-debutants/ HTTP/1.1" 200 49610
ERROR 2025-09-23 15:41:11,578 log 16680 936 Internal Server Error: /courses/python-pour-debutants/lesson/presentation-du-cours/
Traceback (most recent call last):
  File "C:\Users\frejus\Downloads\wim\wim-plateform\venv\Lib\site-packages\django\core\handlers\exception.py", line 55, in inner
    response = get_response(request)
  File "C:\Users\frejus\Downloads\wim\wim-plateform\venv\Lib\site-packages\django\core\handlers\base.py", line 220, in _get_response
    response = response.render()
  File "C:\Users\frejus\Downloads\wim\wim-plateform\venv\Lib\site-packages\django\template\response.py", line 114, in render
    self.content = self.rendered_content
                   ^^^^^^^^^^^^^^^^^^^^^
  File "C:\Users\frejus\Downloads\wim\wim-plateform\venv\Lib\site-packages\django\template\response.py", line 90, in rendered_content
    template = self.resolve_template(self.template_name)
  File "C:\Users\frejus\Downloads\wim\wim-plateform\venv\Lib\site-packages\django\template\response.py", line 72, in resolve_template
    return select_template(template, using=self.using)
  File "C:\Users\frejus\Downloads\wim\wim-plateform\venv\Lib\site-packages\django\template\loader.py", line 42, in select_template
    return engine.get_template(template_name)
           ~~~~~~~~~~~~~~~~~~~^^^^^^^^^^^^^^^
  File "C:\Users\frejus\Downloads\wim\wim-plateform\venv\Lib\site-packages\django\template\backends\django.py", line 33, in get_template
    return Template(self.engine.get_template(template_name), self)
                    ~~~~~~~~~~~~~~~~~~~~~~~~^^^^^^^^^^^^^^^
  File "C:\Users\frejus\Downloads\wim\wim-plateform\venv\Lib\site-packages\django\template\engine.py", line 177, in get_template
    template, origin = self.find_template(template_name)
                       ~~~~~~~~~~~~~~~~~~^^^^^^^^^^^^^^^
  File "C:\Users\frejus\Downloads\wim\wim-plateform\venv\Lib\site-packages\django\template\engine.py", line 159, in find_template
    template = loader.get_template(name, skip=skip)
  File "C:\Users\frejus\Downloads\wim\wim-plateform\venv\Lib\site-packages\django\template\loaders\cached.py", line 57, in get_template
    template = super().get_template(template_name, skip)
  File "C:\Users\frejus\Downloads\wim\wim-plateform\venv\Lib\site-packages\django\template\loaders\base.py", line 28, in get_template
    return Template(
        contents,
    ...<2 lines>...
        self.engine,
    )
  File "C:\Users\frejus\Downloads\wim\wim-plateform\venv\Lib\site-packages\django\template\base.py", line 154, in __init__
    self.nodelist = self.compile_nodelist()
                    ~~~~~~~~~~~~~~~~~~~~~^^
  File "C:\Users\frejus\Downloads\wim\wim-plateform\venv\Lib\site-packages\django\template\base.py", line 196, in compile_nodelist
    return parser.parse()
           ~~~~~~~~~~~~^^
  File "C:\Users\frejus\Downloads\wim\wim-plateform\venv\Lib\site-packages\django\template\base.py", line 510, in parse
    raise self.error(token, e)
  File "C:\Users\frejus\Downloads\wim\wim-plateform\venv\Lib\site-packages\django\template\base.py", line 508, in parse
    compiled_result = compile_func(self, token)
  File "C:\Users\frejus\Downloads\wim\wim-plateform\venv\Lib\site-packages\django\template\loader_tags.py", line 295, in do_extends
    nodelist = parser.parse()
  File "C:\Users\frejus\Downloads\wim\wim-plateform\venv\Lib\site-packages\django\template\base.py", line 510, in parse
    raise self.error(token, e)
  File "C:\Users\frejus\Downloads\wim\wim-plateform\venv\Lib\site-packages\django\template\base.py", line 508, in parse
    compiled_result = compile_func(self, token)
  File "C:\Users\frejus\Downloads\wim\wim-plateform\venv\Lib\site-packages\django\template\loader_tags.py", line 234, in do_block
    nodelist = parser.parse(("endblock",))
  File "C:\Users\frejus\Downloads\wim\wim-plateform\venv\Lib\site-packages\django\template\base.py", line 510, in parse
    raise self.error(token, e)
  File "C:\Users\frejus\Downloads\wim\wim-plateform\venv\Lib\site-packages\django\template\base.py", line 508, in parse
    compiled_result = compile_func(self, token)
  File "C:\Users\frejus\Downloads\wim\wim-plateform\venv\Lib\site-packages\django\template\defaulttags.py", line 961, in do_if
    nodelist = parser.parse(("elif", "else", "endif"))
  File "C:\Users\frejus\Downloads\wim\wim-plateform\venv\Lib\site-packages\django\template\base.py", line 510, in parse
    raise self.error(token, e)
  File "C:\Users\frejus\Downloads\wim\wim-plateform\venv\Lib\site-packages\django\template\base.py", line 508, in parse
    compiled_result = compile_func(self, token)
  File "C:\Users\frejus\Downloads\wim\wim-plateform\venv\Lib\site-packages\django\template\defaulttags.py", line 860, in do_for
    sequence = parser.compile_filter(bits[in_index + 1])
  File "C:\Users\frejus\Downloads\wim\wim-plateform\venv\Lib\site-packages\django\template\base.py", line 597, in compile_filter
    return FilterExpression(token, self)
  File "C:\Users\frejus\Downloads\wim\wim-plateform\venv\Lib\site-packages\django\template\base.py", line 693, in __init__
    filter_func = parser.find_filter(filter_name)
  File "C:\Users\frejus\Downloads\wim\wim-plateform\venv\Lib\site-packages\django\template\base.py", line 603, in find_filter
    raise TemplateSyntaxError("Invalid filter: '%s'" % filter_name)
django.template.exceptions.TemplateSyntaxError: Invalid filter: 'split'
ERROR 2025-09-23 15:41:11,585 basehttp 16680 936 "GET /courses/python-pour-debutants/lesson/presentation-du-cours/ HTTP/1.1" 500 285025
INFO 2025-09-23 15:41:17,582 basehttp 16680 936 "GET /enrollments/my-courses/ HTTP/1.1" 200 35623
INFO 2025-09-23 15:41:19,309 basehttp 16680 936 "GET /progress/overview/ HTTP/1.1" 200 29666
INFO 2025-09-23 15:41:20,360 basehttp 16680 936 "GET /courses/ HTTP/1.1" 200 73520
INFO 2025-09-23 15:41:25,204 basehttp 16680 936 "GET /courses/python-for-beginners-full-course-programming-tutorial/ HTTP/1.1" 200 103294
INFO 2025-09-23 15:41:26,899 basehttp 16680 16808 "POST /courses/enroll/8/ HTTP/1.1" 302 0
INFO 2025-09-23 15:41:26,920 basehttp 16680 16808 "GET /courses/python-for-beginners-full-course-programming-tutorial/ HTTP/1.1" 200 104894
ERROR 2025-09-23 15:41:34,754 log 16680 16808 Internal Server Error: /courses/python-for-beginners-full-course-programming-tutorial/lesson/0-python-for-beginners-programming-tutorial/
Traceback (most recent call last):
  File "C:\Users\frejus\Downloads\wim\wim-plateform\venv\Lib\site-packages\django\core\handlers\exception.py", line 55, in inner
    response = get_response(request)
  File "C:\Users\frejus\Downloads\wim\wim-plateform\venv\Lib\site-packages\django\core\handlers\base.py", line 220, in _get_response
    response = response.render()
  File "C:\Users\frejus\Downloads\wim\wim-plateform\venv\Lib\site-packages\django\template\response.py", line 114, in render
    self.content = self.rendered_content
                   ^^^^^^^^^^^^^^^^^^^^^
  File "C:\Users\frejus\Downloads\wim\wim-plateform\venv\Lib\site-packages\django\template\response.py", line 90, in rendered_content
    template = self.resolve_template(self.template_name)
  File "C:\Users\frejus\Downloads\wim\wim-plateform\venv\Lib\site-packages\django\template\response.py", line 72, in resolve_template
    return select_template(template, using=self.using)
  File "C:\Users\frejus\Downloads\wim\wim-plateform\venv\Lib\site-packages\django\template\loader.py", line 42, in select_template
    return engine.get_template(template_name)
           ~~~~~~~~~~~~~~~~~~~^^^^^^^^^^^^^^^
  File "C:\Users\frejus\Downloads\wim\wim-plateform\venv\Lib\site-packages\django\template\backends\django.py", line 33, in get_template
    return Template(self.engine.get_template(template_name), self)
                    ~~~~~~~~~~~~~~~~~~~~~~~~^^^^^^^^^^^^^^^
  File "C:\Users\frejus\Downloads\wim\wim-plateform\venv\Lib\site-packages\django\template\engine.py", line 177, in get_template
    template, origin = self.find_template(template_name)
                       ~~~~~~~~~~~~~~~~~~^^^^^^^^^^^^^^^
  File "C:\Users\frejus\Downloads\wim\wim-plateform\venv\Lib\site-packages\django\template\engine.py", line 159, in find_template
    template = loader.get_template(name, skip=skip)
  File "C:\Users\frejus\Downloads\wim\wim-plateform\venv\Lib\site-packages\django\template\loaders\cached.py", line 57, in get_template
    template = super().get_template(template_name, skip)
  File "C:\Users\frejus\Downloads\wim\wim-plateform\venv\Lib\site-packages\django\template\loaders\base.py", line 28, in get_template
    return Template(
        contents,
    ...<2 lines>...
        self.engine,
    )
  File "C:\Users\frejus\Downloads\wim\wim-plateform\venv\Lib\site-packages\django\template\base.py", line 154, in __init__
    self.nodelist = self.compile_nodelist()
                    ~~~~~~~~~~~~~~~~~~~~~^^
  File "C:\Users\frejus\Downloads\wim\wim-plateform\venv\Lib\site-packages\django\template\base.py", line 196, in compile_nodelist
    return parser.parse()
           ~~~~~~~~~~~~^^
  File "C:\Users\frejus\Downloads\wim\wim-plateform\venv\Lib\site-packages\django\template\base.py", line 510, in parse
    raise self.error(token, e)
  File "C:\Users\frejus\Downloads\wim\wim-plateform\venv\Lib\site-packages\django\template\base.py", line 508, in parse
    compiled_result = compile_func(self, token)
  File "C:\Users\frejus\Downloads\wim\wim-plateform\venv\Lib\site-packages\django\template\loader_tags.py", line 295, in do_extends
    nodelist = parser.parse()
  File "C:\Users\frejus\Downloads\wim\wim-plateform\venv\Lib\site-packages\django\template\base.py", line 510, in parse
    raise self.error(token, e)
  File "C:\Users\frejus\Downloads\wim\wim-plateform\venv\Lib\site-packages\django\template\base.py", line 508, in parse
    compiled_result = compile_func(self, token)
  File "C:\Users\frejus\Downloads\wim\wim-plateform\venv\Lib\site-packages\django\template\loader_tags.py", line 234, in do_block
    nodelist = parser.parse(("endblock",))
  File "C:\Users\frejus\Downloads\wim\wim-plateform\venv\Lib\site-packages\django\template\base.py", line 510, in parse
    raise self.error(token, e)
  File "C:\Users\frejus\Downloads\wim\wim-plateform\venv\Lib\site-packages\django\template\base.py", line 508, in parse
    compiled_result = compile_func(self, token)
  File "C:\Users\frejus\Downloads\wim\wim-plateform\venv\Lib\site-packages\django\template\defaulttags.py", line 961, in do_if
    nodelist = parser.parse(("elif", "else", "endif"))
  File "C:\Users\frejus\Downloads\wim\wim-plateform\venv\Lib\site-packages\django\template\base.py", line 510, in parse
    raise self.error(token, e)
  File "C:\Users\frejus\Downloads\wim\wim-plateform\venv\Lib\site-packages\django\template\base.py", line 508, in parse
    compiled_result = compile_func(self, token)
  File "C:\Users\frejus\Downloads\wim\wim-plateform\venv\Lib\site-packages\django\template\defaulttags.py", line 860, in do_for
    sequence = parser.compile_filter(bits[in_index + 1])
  File "C:\Users\frejus\Downloads\wim\wim-plateform\venv\Lib\site-packages\django\template\base.py", line 597, in compile_filter
    return FilterExpression(token, self)
  File "C:\Users\frejus\Downloads\wim\wim-plateform\venv\Lib\site-packages\django\template\base.py", line 693, in __init__
    filter_func = parser.find_filter(filter_name)
  File "C:\Users\frejus\Downloads\wim\wim-plateform\venv\Lib\site-packages\django\template\base.py", line 603, in find_filter
    raise TemplateSyntaxError("Invalid filter: '%s'" % filter_name)
django.template.exceptions.TemplateSyntaxError: Invalid filter: 'split'
ERROR 2025-09-23 15:41:34,760 basehttp 16680 16808 "GET /courses/python-for-beginners-full-course-programming-tutorial/lesson/0-python-for-beginners-programming-tutorial/ HTTP/1.1" 500 285598
INFO 2025-09-23 15:41:36,555 basehttp 16680 16808 "GET /courses/python-for-beginners-full-course-programming-tutorial/ HTTP/1.1" 200 103654
INFO 2025-09-23 16:02:00,217 basehttp 16680 13512 "GET /auth/logout/ HTTP/1.1" 302 0
INFO 2025-09-23 16:02:00,229 basehttp 16680 13512 "GET /auth/login/ HTTP/1.1" 200 8884
INFO 2025-09-23 16:02:24,957 basehttp 16680 13512 "POST /auth/login/ HTTP/1.1" 200 8888
INFO 2025-09-23 16:02:58,629 basehttp 16680 13512 "POST /auth/login/ HTTP/1.1" 200 8888
INFO 2025-09-23 16:04:02,878 basehttp 16680 13512 "GET /auth/register/ HTTP/1.1" 200 9306
INFO 2025-09-23 16:04:15,748 basehttp 16680 13512 "GET /auth/login/ HTTP/1.1" 200 8668
INFO 2025-09-23 16:04:19,690 basehttp 16680 13512 "GET /accounts/google/login/ HTTP/1.1" 302 0
INFO 2025-09-23 16:04:22,227 basehttp 16680 13512 "GET /auth/login/ HTTP/1.1" 200 8668
INFO 2025-09-23 16:09:26,032 basehttp 16680 18952 "GET /dashboard/ HTTP/1.1" 302 0
INFO 2025-09-23 16:09:26,043 basehttp 16680 18952 "GET /auth/login/?next=/dashboard/ HTTP/1.1" 200 8689
INFO 2025-09-23 16:09:29,285 basehttp 16680 18952 "POST /auth/login/ HTTP/1.1" 302 0
INFO 2025-09-23 16:09:29,308 basehttp 16680 18952 "GET /dashboard/ HTTP/1.1" 200 66620
INFO 2025-09-23 16:09:32,009 basehttp 16680 18952 "GET /courses/ HTTP/1.1" 200 73520
INFO 2025-09-23 16:09:37,728 basehttp 16680 18952 "GET /courses/htmx/filter/?difficulty=beginner HTTP/1.1" 200 12993
INFO 2025-09-23 16:09:42,384 basehttp 16680 18952 "GET /courses/programming-web-development-crash-courses/ HTTP/1.1" 200 100997
INFO 2025-09-23 16:10:04,286 basehttp 16680 18952 "GET /enrollments/my-courses/ HTTP/1.1" 200 39175
INFO 2025-09-23 16:10:08,108 basehttp 16680 18952 "GET /courses/react-js-complet/ HTTP/1.1" 200 48150
ERROR 2025-09-23 16:10:32,812 log 16680 18952 Internal Server Error: /courses/react-js-complet/lesson/jsx-et-composants/
Traceback (most recent call last):
  File "C:\Users\frejus\Downloads\wim\wim-plateform\venv\Lib\site-packages\django\core\handlers\exception.py", line 55, in inner
    response = get_response(request)
  File "C:\Users\frejus\Downloads\wim\wim-plateform\venv\Lib\site-packages\django\core\handlers\base.py", line 220, in _get_response
    response = response.render()
  File "C:\Users\frejus\Downloads\wim\wim-plateform\venv\Lib\site-packages\django\template\response.py", line 114, in render
    self.content = self.rendered_content
                   ^^^^^^^^^^^^^^^^^^^^^
  File "C:\Users\frejus\Downloads\wim\wim-plateform\venv\Lib\site-packages\django\template\response.py", line 90, in rendered_content
    template = self.resolve_template(self.template_name)
  File "C:\Users\frejus\Downloads\wim\wim-plateform\venv\Lib\site-packages\django\template\response.py", line 72, in resolve_template
    return select_template(template, using=self.using)
  File "C:\Users\frejus\Downloads\wim\wim-plateform\venv\Lib\site-packages\django\template\loader.py", line 42, in select_template
    return engine.get_template(template_name)
           ~~~~~~~~~~~~~~~~~~~^^^^^^^^^^^^^^^
  File "C:\Users\frejus\Downloads\wim\wim-plateform\venv\Lib\site-packages\django\template\backends\django.py", line 33, in get_template
    return Template(self.engine.get_template(template_name), self)
                    ~~~~~~~~~~~~~~~~~~~~~~~~^^^^^^^^^^^^^^^
  File "C:\Users\frejus\Downloads\wim\wim-plateform\venv\Lib\site-packages\django\template\engine.py", line 177, in get_template
    template, origin = self.find_template(template_name)
                       ~~~~~~~~~~~~~~~~~~^^^^^^^^^^^^^^^
  File "C:\Users\frejus\Downloads\wim\wim-plateform\venv\Lib\site-packages\django\template\engine.py", line 159, in find_template
    template = loader.get_template(name, skip=skip)
  File "C:\Users\frejus\Downloads\wim\wim-plateform\venv\Lib\site-packages\django\template\loaders\cached.py", line 57, in get_template
    template = super().get_template(template_name, skip)
  File "C:\Users\frejus\Downloads\wim\wim-plateform\venv\Lib\site-packages\django\template\loaders\base.py", line 28, in get_template
    return Template(
        contents,
    ...<2 lines>...
        self.engine,
    )
  File "C:\Users\frejus\Downloads\wim\wim-plateform\venv\Lib\site-packages\django\template\base.py", line 154, in __init__
    self.nodelist = self.compile_nodelist()
                    ~~~~~~~~~~~~~~~~~~~~~^^
  File "C:\Users\frejus\Downloads\wim\wim-plateform\venv\Lib\site-packages\django\template\base.py", line 196, in compile_nodelist
    return parser.parse()
           ~~~~~~~~~~~~^^
  File "C:\Users\frejus\Downloads\wim\wim-plateform\venv\Lib\site-packages\django\template\base.py", line 510, in parse
    raise self.error(token, e)
  File "C:\Users\frejus\Downloads\wim\wim-plateform\venv\Lib\site-packages\django\template\base.py", line 508, in parse
    compiled_result = compile_func(self, token)
  File "C:\Users\frejus\Downloads\wim\wim-plateform\venv\Lib\site-packages\django\template\loader_tags.py", line 295, in do_extends
    nodelist = parser.parse()
  File "C:\Users\frejus\Downloads\wim\wim-plateform\venv\Lib\site-packages\django\template\base.py", line 510, in parse
    raise self.error(token, e)
  File "C:\Users\frejus\Downloads\wim\wim-plateform\venv\Lib\site-packages\django\template\base.py", line 508, in parse
    compiled_result = compile_func(self, token)
  File "C:\Users\frejus\Downloads\wim\wim-plateform\venv\Lib\site-packages\django\template\loader_tags.py", line 234, in do_block
    nodelist = parser.parse(("endblock",))
  File "C:\Users\frejus\Downloads\wim\wim-plateform\venv\Lib\site-packages\django\template\base.py", line 510, in parse
    raise self.error(token, e)
  File "C:\Users\frejus\Downloads\wim\wim-plateform\venv\Lib\site-packages\django\template\base.py", line 508, in parse
    compiled_result = compile_func(self, token)
  File "C:\Users\frejus\Downloads\wim\wim-plateform\venv\Lib\site-packages\django\template\defaulttags.py", line 961, in do_if
    nodelist = parser.parse(("elif", "else", "endif"))
  File "C:\Users\frejus\Downloads\wim\wim-plateform\venv\Lib\site-packages\django\template\base.py", line 510, in parse
    raise self.error(token, e)
  File "C:\Users\frejus\Downloads\wim\wim-plateform\venv\Lib\site-packages\django\template\base.py", line 508, in parse
    compiled_result = compile_func(self, token)
  File "C:\Users\frejus\Downloads\wim\wim-plateform\venv\Lib\site-packages\django\template\defaulttags.py", line 860, in do_for
    sequence = parser.compile_filter(bits[in_index + 1])
  File "C:\Users\frejus\Downloads\wim\wim-plateform\venv\Lib\site-packages\django\template\base.py", line 597, in compile_filter
    return FilterExpression(token, self)
  File "C:\Users\frejus\Downloads\wim\wim-plateform\venv\Lib\site-packages\django\template\base.py", line 693, in __init__
    filter_func = parser.find_filter(filter_name)
  File "C:\Users\frejus\Downloads\wim\wim-plateform\venv\Lib\site-packages\django\template\base.py", line 603, in find_filter
    raise TemplateSyntaxError("Invalid filter: '%s'" % filter_name)
django.template.exceptions.TemplateSyntaxError: Invalid filter: 'split'
ERROR 2025-09-23 16:10:32,816 basehttp 16680 18952 "GET /courses/react-js-complet/lesson/jsx-et-composants/ HTTP/1.1" 500 284930
INFO 2025-09-23 16:11:54,151 basehttp 16680 18952 "GET /enrollments/my-courses/ HTTP/1.1" 200 39175
INFO 2025-09-23 16:11:55,454 basehttp 16680 18952 "GET /progress/overview/ HTTP/1.1" 200 29666
INFO 2025-09-23 16:11:58,018 basehttp 16680 18952 "GET /enrollments/my-courses/ HTTP/1.1" 200 39175
INFO 2025-09-23 16:12:05,020 basehttp 16680 18952 "GET /courses/python-pour-debutants/ HTTP/1.1" 200 49610
INFO 2025-09-23 16:12:10,677 basehttp 16680 18952 "GET /dashboard/ HTTP/1.1" 200 65461
INFO 2025-09-23 16:12:13,106 basehttp 16680 18952 "GET /courses/ HTTP/1.1" 200 73520
INFO 2025-09-23 16:12:14,323 basehttp 16680 18952 "GET /enrollments/my-courses/ HTTP/1.1" 200 39175
INFO 2025-09-23 16:12:15,917 basehttp 16680 18952 "GET /courses/python-for-beginners-full-course-programming-tutorial/ HTTP/1.1" 200 103654
ERROR 2025-09-23 16:12:18,372 log 16680 18952 Internal Server Error: /courses/python-for-beginners-full-course-programming-tutorial/lesson/0-python-for-beginners-programming-tutorial/
Traceback (most recent call last):
  File "C:\Users\frejus\Downloads\wim\wim-plateform\venv\Lib\site-packages\django\core\handlers\exception.py", line 55, in inner
    response = get_response(request)
  File "C:\Users\frejus\Downloads\wim\wim-plateform\venv\Lib\site-packages\django\core\handlers\base.py", line 220, in _get_response
    response = response.render()
  File "C:\Users\frejus\Downloads\wim\wim-plateform\venv\Lib\site-packages\django\template\response.py", line 114, in render
    self.content = self.rendered_content
                   ^^^^^^^^^^^^^^^^^^^^^
  File "C:\Users\frejus\Downloads\wim\wim-plateform\venv\Lib\site-packages\django\template\response.py", line 90, in rendered_content
    template = self.resolve_template(self.template_name)
  File "C:\Users\frejus\Downloads\wim\wim-plateform\venv\Lib\site-packages\django\template\response.py", line 72, in resolve_template
    return select_template(template, using=self.using)
  File "C:\Users\frejus\Downloads\wim\wim-plateform\venv\Lib\site-packages\django\template\loader.py", line 42, in select_template
    return engine.get_template(template_name)
           ~~~~~~~~~~~~~~~~~~~^^^^^^^^^^^^^^^
  File "C:\Users\frejus\Downloads\wim\wim-plateform\venv\Lib\site-packages\django\template\backends\django.py", line 33, in get_template
    return Template(self.engine.get_template(template_name), self)
                    ~~~~~~~~~~~~~~~~~~~~~~~~^^^^^^^^^^^^^^^
  File "C:\Users\frejus\Downloads\wim\wim-plateform\venv\Lib\site-packages\django\template\engine.py", line 177, in get_template
    template, origin = self.find_template(template_name)
                       ~~~~~~~~~~~~~~~~~~^^^^^^^^^^^^^^^
  File "C:\Users\frejus\Downloads\wim\wim-plateform\venv\Lib\site-packages\django\template\engine.py", line 159, in find_template
    template = loader.get_template(name, skip=skip)
  File "C:\Users\frejus\Downloads\wim\wim-plateform\venv\Lib\site-packages\django\template\loaders\cached.py", line 57, in get_template
    template = super().get_template(template_name, skip)
  File "C:\Users\frejus\Downloads\wim\wim-plateform\venv\Lib\site-packages\django\template\loaders\base.py", line 28, in get_template
    return Template(
        contents,
    ...<2 lines>...
        self.engine,
    )
  File "C:\Users\frejus\Downloads\wim\wim-plateform\venv\Lib\site-packages\django\template\base.py", line 154, in __init__
    self.nodelist = self.compile_nodelist()
                    ~~~~~~~~~~~~~~~~~~~~~^^
  File "C:\Users\frejus\Downloads\wim\wim-plateform\venv\Lib\site-packages\django\template\base.py", line 196, in compile_nodelist
    return parser.parse()
           ~~~~~~~~~~~~^^
  File "C:\Users\frejus\Downloads\wim\wim-plateform\venv\Lib\site-packages\django\template\base.py", line 510, in parse
    raise self.error(token, e)
  File "C:\Users\frejus\Downloads\wim\wim-plateform\venv\Lib\site-packages\django\template\base.py", line 508, in parse
    compiled_result = compile_func(self, token)
  File "C:\Users\frejus\Downloads\wim\wim-plateform\venv\Lib\site-packages\django\template\loader_tags.py", line 295, in do_extends
    nodelist = parser.parse()
  File "C:\Users\frejus\Downloads\wim\wim-plateform\venv\Lib\site-packages\django\template\base.py", line 510, in parse
    raise self.error(token, e)
  File "C:\Users\frejus\Downloads\wim\wim-plateform\venv\Lib\site-packages\django\template\base.py", line 508, in parse
    compiled_result = compile_func(self, token)
  File "C:\Users\frejus\Downloads\wim\wim-plateform\venv\Lib\site-packages\django\template\loader_tags.py", line 234, in do_block
    nodelist = parser.parse(("endblock",))
  File "C:\Users\frejus\Downloads\wim\wim-plateform\venv\Lib\site-packages\django\template\base.py", line 510, in parse
    raise self.error(token, e)
  File "C:\Users\frejus\Downloads\wim\wim-plateform\venv\Lib\site-packages\django\template\base.py", line 508, in parse
    compiled_result = compile_func(self, token)
  File "C:\Users\frejus\Downloads\wim\wim-plateform\venv\Lib\site-packages\django\template\defaulttags.py", line 961, in do_if
    nodelist = parser.parse(("elif", "else", "endif"))
  File "C:\Users\frejus\Downloads\wim\wim-plateform\venv\Lib\site-packages\django\template\base.py", line 510, in parse
    raise self.error(token, e)
  File "C:\Users\frejus\Downloads\wim\wim-plateform\venv\Lib\site-packages\django\template\base.py", line 508, in parse
    compiled_result = compile_func(self, token)
  File "C:\Users\frejus\Downloads\wim\wim-plateform\venv\Lib\site-packages\django\template\defaulttags.py", line 860, in do_for
    sequence = parser.compile_filter(bits[in_index + 1])
  File "C:\Users\frejus\Downloads\wim\wim-plateform\venv\Lib\site-packages\django\template\base.py", line 597, in compile_filter
    return FilterExpression(token, self)
  File "C:\Users\frejus\Downloads\wim\wim-plateform\venv\Lib\site-packages\django\template\base.py", line 693, in __init__
    filter_func = parser.find_filter(filter_name)
  File "C:\Users\frejus\Downloads\wim\wim-plateform\venv\Lib\site-packages\django\template\base.py", line 603, in find_filter
    raise TemplateSyntaxError("Invalid filter: '%s'" % filter_name)
django.template.exceptions.TemplateSyntaxError: Invalid filter: 'split'
ERROR 2025-09-23 16:12:18,376 basehttp 16680 18952 "GET /courses/python-for-beginners-full-course-programming-tutorial/lesson/0-python-for-beginners-programming-tutorial/ HTTP/1.1" 500 285598
INFO 2025-09-23 16:12:21,564 basehttp 16680 18952 "GET /courses/ HTTP/1.1" 200 73520
INFO 2025-09-23 16:12:23,488 basehttp 16680 18952 "GET /enrollments/my-courses/ HTTP/1.1" 200 39175
INFO 2025-09-23 16:12:25,633 basehttp 16680 18952 "GET /courses/python-pour-debutants/ HTTP/1.1" 200 49610
ERROR 2025-09-23 16:12:27,913 log 16680 18952 Internal Server Error: /courses/python-pour-debutants/lesson/presentation-du-cours/
Traceback (most recent call last):
  File "C:\Users\frejus\Downloads\wim\wim-plateform\venv\Lib\site-packages\django\core\handlers\exception.py", line 55, in inner
    response = get_response(request)
  File "C:\Users\frejus\Downloads\wim\wim-plateform\venv\Lib\site-packages\django\core\handlers\base.py", line 220, in _get_response
    response = response.render()
  File "C:\Users\frejus\Downloads\wim\wim-plateform\venv\Lib\site-packages\django\template\response.py", line 114, in render
    self.content = self.rendered_content
                   ^^^^^^^^^^^^^^^^^^^^^
  File "C:\Users\frejus\Downloads\wim\wim-plateform\venv\Lib\site-packages\django\template\response.py", line 90, in rendered_content
    template = self.resolve_template(self.template_name)
  File "C:\Users\frejus\Downloads\wim\wim-plateform\venv\Lib\site-packages\django\template\response.py", line 72, in resolve_template
    return select_template(template, using=self.using)
  File "C:\Users\frejus\Downloads\wim\wim-plateform\venv\Lib\site-packages\django\template\loader.py", line 42, in select_template
    return engine.get_template(template_name)
           ~~~~~~~~~~~~~~~~~~~^^^^^^^^^^^^^^^
  File "C:\Users\frejus\Downloads\wim\wim-plateform\venv\Lib\site-packages\django\template\backends\django.py", line 33, in get_template
    return Template(self.engine.get_template(template_name), self)
                    ~~~~~~~~~~~~~~~~~~~~~~~~^^^^^^^^^^^^^^^
  File "C:\Users\frejus\Downloads\wim\wim-plateform\venv\Lib\site-packages\django\template\engine.py", line 177, in get_template
    template, origin = self.find_template(template_name)
                       ~~~~~~~~~~~~~~~~~~^^^^^^^^^^^^^^^
  File "C:\Users\frejus\Downloads\wim\wim-plateform\venv\Lib\site-packages\django\template\engine.py", line 159, in find_template
    template = loader.get_template(name, skip=skip)
  File "C:\Users\frejus\Downloads\wim\wim-plateform\venv\Lib\site-packages\django\template\loaders\cached.py", line 57, in get_template
    template = super().get_template(template_name, skip)
  File "C:\Users\frejus\Downloads\wim\wim-plateform\venv\Lib\site-packages\django\template\loaders\base.py", line 28, in get_template
    return Template(
        contents,
    ...<2 lines>...
        self.engine,
    )
  File "C:\Users\frejus\Downloads\wim\wim-plateform\venv\Lib\site-packages\django\template\base.py", line 154, in __init__
    self.nodelist = self.compile_nodelist()
                    ~~~~~~~~~~~~~~~~~~~~~^^
  File "C:\Users\frejus\Downloads\wim\wim-plateform\venv\Lib\site-packages\django\template\base.py", line 196, in compile_nodelist
    return parser.parse()
           ~~~~~~~~~~~~^^
  File "C:\Users\frejus\Downloads\wim\wim-plateform\venv\Lib\site-packages\django\template\base.py", line 510, in parse
    raise self.error(token, e)
  File "C:\Users\frejus\Downloads\wim\wim-plateform\venv\Lib\site-packages\django\template\base.py", line 508, in parse
    compiled_result = compile_func(self, token)
  File "C:\Users\frejus\Downloads\wim\wim-plateform\venv\Lib\site-packages\django\template\loader_tags.py", line 295, in do_extends
    nodelist = parser.parse()
  File "C:\Users\frejus\Downloads\wim\wim-plateform\venv\Lib\site-packages\django\template\base.py", line 510, in parse
    raise self.error(token, e)
  File "C:\Users\frejus\Downloads\wim\wim-plateform\venv\Lib\site-packages\django\template\base.py", line 508, in parse
    compiled_result = compile_func(self, token)
  File "C:\Users\frejus\Downloads\wim\wim-plateform\venv\Lib\site-packages\django\template\loader_tags.py", line 234, in do_block
    nodelist = parser.parse(("endblock",))
  File "C:\Users\frejus\Downloads\wim\wim-plateform\venv\Lib\site-packages\django\template\base.py", line 510, in parse
    raise self.error(token, e)
  File "C:\Users\frejus\Downloads\wim\wim-plateform\venv\Lib\site-packages\django\template\base.py", line 508, in parse
    compiled_result = compile_func(self, token)
  File "C:\Users\frejus\Downloads\wim\wim-plateform\venv\Lib\site-packages\django\template\defaulttags.py", line 961, in do_if
    nodelist = parser.parse(("elif", "else", "endif"))
  File "C:\Users\frejus\Downloads\wim\wim-plateform\venv\Lib\site-packages\django\template\base.py", line 510, in parse
    raise self.error(token, e)
  File "C:\Users\frejus\Downloads\wim\wim-plateform\venv\Lib\site-packages\django\template\base.py", line 508, in parse
    compiled_result = compile_func(self, token)
  File "C:\Users\frejus\Downloads\wim\wim-plateform\venv\Lib\site-packages\django\template\defaulttags.py", line 860, in do_for
    sequence = parser.compile_filter(bits[in_index + 1])
  File "C:\Users\frejus\Downloads\wim\wim-plateform\venv\Lib\site-packages\django\template\base.py", line 597, in compile_filter
    return FilterExpression(token, self)
  File "C:\Users\frejus\Downloads\wim\wim-plateform\venv\Lib\site-packages\django\template\base.py", line 693, in __init__
    filter_func = parser.find_filter(filter_name)
  File "C:\Users\frejus\Downloads\wim\wim-plateform\venv\Lib\site-packages\django\template\base.py", line 603, in find_filter
    raise TemplateSyntaxError("Invalid filter: '%s'" % filter_name)
django.template.exceptions.TemplateSyntaxError: Invalid filter: 'split'
ERROR 2025-09-23 16:12:27,918 basehttp 16680 18952 "GET /courses/python-pour-debutants/lesson/presentation-du-cours/ HTTP/1.1" 500 285025
INFO 2025-09-23 16:53:35,224 autoreload 28044 27164 Watching for file changes with StatReloader
INFO 2025-09-23 16:53:52,874 basehttp 28044 12052 "GET / HTTP/1.1" 302 0
INFO 2025-09-23 16:53:52,991 basehttp 28044 12052 "GET /dashboard/ HTTP/1.1" 200 65461
INFO 2025-09-23 16:54:00,777 basehttp 28044 12052 "GET /courses/ HTTP/1.1" 200 73520
INFO 2025-09-23 16:54:06,474 basehttp 28044 12052 "GET /enrollments/my-courses/ HTTP/1.1" 200 39175
INFO 2025-09-23 16:54:11,441 basehttp 28044 12052 "GET /courses/python-pour-debutants/ HTTP/1.1" 200 49610
INFO 2025-09-23 16:54:14,372 basehttp 28044 12052 "GET /courses/python-pour-debutants/lesson/presentation-du-cours/ HTTP/1.1" 200 35798
INFO 2025-09-23 16:54:20,092 basehttp 28044 12052 "GET /courses/python-pour-debutants/lesson/installation-python/ HTTP/1.1" 200 35742
INFO 2025-09-23 16:54:23,826 basehttp 28044 12052 "GET /enrollments/my-courses/ HTTP/1.1" 200 39175
INFO 2025-09-23 16:54:26,124 basehttp 28044 12052 "GET /courses/python-for-beginners-full-course-programming-tutorial/ HTTP/1.1" 200 103654
INFO 2025-09-23 16:54:50,437 basehttp 28044 12052 "GET /courses/python-for-beginners-full-course-programming-tutorial/lesson/0-python-for-beginners-programming-tutorial/ HTTP/1.1" 200 101966
INFO 2025-09-23 16:54:56,723 basehttp 28044 12052 "GET /courses/python-for-beginners-full-course-programming-tutorial/lesson/1-python-tutorial-for-beginners-introduction-to-python/ HTTP/1.1" 200 102746
WARNING 2025-09-23 16:54:59,163 log 28044 12052 Not Found: /favicon.ico
WARNING 2025-09-23 16:54:59,163 basehttp 28044 12052 "GET /favicon.ico HTTP/1.1" 404 3348
INFO 2025-09-23 16:55:11,003 basehttp 28044 12052 "GET /courses/python-for-beginners-full-course-programming-tutorial/lesson/0-python-for-beginners-programming-tutorial/ HTTP/1.1" 200 101966
INFO 2025-09-23 16:55:14,386 basehttp 28044 12052 "GET /enrollments/my-courses/ HTTP/1.1" 200 39175
INFO 2025-09-23 16:55:17,390 basehttp 28044 12052 "GET /courses/ HTTP/1.1" 200 73520
INFO 2025-09-23 16:55:22,450 basehttp 28044 12052 "GET /courses/developpement-web-moderne/ HTTP/1.1" 200 64459
INFO 2025-09-23 16:55:29,653 basehttp 28044 12052 "GET /courses/ HTTP/1.1" 200 73520
INFO 2025-09-23 16:55:36,559 basehttp 28044 12052 "GET /courses/python-pour-debutants/ HTTP/1.1" 200 49610
INFO 2025-09-23 16:55:46,848 basehttp 28044 12052 "GET /enrollments/my-courses/ HTTP/1.1" 200 39175
INFO 2025-09-23 16:55:52,182 basehttp 28044 12052 "GET /courses/react-js-complet/ HTTP/1.1" 200 48150
INFO 2025-09-23 16:55:57,672 basehttp 28044 12052 "GET /courses/react-js-complet/lesson/jsx-et-composants/ HTTP/1.1" 200 32152
INFO 2025-09-23 16:56:04,433 basehttp 28044 12052 "GET /courses/react-js-complet/lesson/props-et-state/ HTTP/1.1" 200 32104
INFO 2025-09-23 16:56:09,348 basehttp 28044 12052 "GET /courses/react-js-complet/lesson/jsx-et-composants/ HTTP/1.1" 200 32152
INFO 2025-09-23 16:56:11,358 basehttp 28044 12052 "GET /dashboard/ HTTP/1.1" 200 65461
INFO 2025-09-23 16:56:22,832 basehttp 28044 12052 "GET /certificates/gallery/ HTTP/1.1" 200 33291
INFO 2025-09-23 16:56:24,647 basehttp 28044 12052 "GET /progress/overview/ HTTP/1.1" 200 29666
INFO 2025-09-23 16:56:29,962 basehttp 28044 12052 "GET /users/settings/ HTTP/1.1" 200 38707
INFO 2025-09-23 16:56:39,833 basehttp 28044 12052 "GET /users/settings/ HTTP/1.1" 200 38707
INFO 2025-09-23 16:56:49,418 basehttp 28044 12052 "GET /progress/overview/ HTTP/1.1" 200 29666
INFO 2025-09-23 16:57:07,249 basehttp 28044 5256 "GET /users/profile/1/ HTTP/1.1" 200 31339
INFO 2025-09-23 16:57:12,756 basehttp 28044 5256 "GET /enrollments/my-courses/ HTTP/1.1" 200 39175
INFO 2025-09-23 16:57:15,380 basehttp 28044 5256 "GET /dashboard/ HTTP/1.1" 200 65461
INFO 2025-09-23 16:57:33,687 basehttp 28044 5256 "GET /auth/logout/ HTTP/1.1" 302 0
INFO 2025-09-23 16:57:33,695 basehttp 28044 5256 "GET /auth/login/ HTTP/1.1" 200 8884
INFO 2025-09-23 16:57:41,133 basehttp 28044 5256 "GET /accounts/google/login/ HTTP/1.1" 302 0
INFO 2025-09-23 16:57:46,784 basehttp 28044 5256 "GET /auth/login/ HTTP/1.1" 200 8668
INFO 2025-09-23 16:57:55,557 basehttp 28044 5256 "GET /auth/password-reset/ HTTP/1.1" 200 4783
INFO 2025-09-23 16:57:58,252 basehttp 28044 5256 "GET /auth/login/ HTTP/1.1" 200 8668
INFO 2025-09-23 21:31:22,037 basehttp 28044 32068 "GET /accounts/google/login/ HTTP/1.1" 302 0
INFO 2025-09-23 22:05:42,228 basehttp 28044 32528 "POST /auth/login/ HTTP/1.1" 302 0
INFO 2025-09-23 22:05:42,281 basehttp 28044 32528 "GET /dashboard/ HTTP/1.1" 200 66620
INFO 2025-09-23 22:05:59,442 basehttp 28044 32528 "GET /courses/ HTTP/1.1" 200 73520
INFO 2025-09-23 22:06:00,576 basehttp 28044 32528 "GET /enrollments/my-courses/ HTTP/1.1" 200 39175
INFO 2025-09-23 22:06:01,586 basehttp 28044 32528 "GET /dashboard/ HTTP/1.1" 200 65461
INFO 2025-09-23 22:08:19,448 basehttp 28044 32528 "GET /dashboard/ HTTP/1.1" 200 65461
INFO 2025-09-23 22:08:32,652 basehttp 28044 32528 "GET /dashboard/filter/?difficulty=advanced HTTP/1.1" 200 10036
INFO 2025-09-23 22:08:35,866 basehttp 28044 32528 "GET /dashboard/filter/?difficulty=beginner HTTP/1.1" 200 16274
INFO 2025-09-23 22:08:54,708 basehttp 28044 32528 "GET /enrollments/my-courses/ HTTP/1.1" 200 39175
INFO 2025-09-23 22:08:58,001 basehttp 28044 32528 "GET /courses/react-js-complet/ HTTP/1.1" 200 48150
INFO 2025-09-23 22:09:08,073 basehttp 28044 32528 "GET /courses/react-js-complet/lesson/jsx-et-composants/ HTTP/1.1" 200 32152
INFO 2025-09-23 22:09:11,964 basehttp 28044 32528 "GET /enrollments/my-courses/ HTTP/1.1" 200 39175
INFO 2025-09-23 22:09:15,948 basehttp 28044 32528 "GET /courses/python-pour-debutants/ HTTP/1.1" 200 49610
INFO 2025-09-23 22:09:18,626 basehttp 28044 32528 "GET /courses/python-pour-debutants/lesson/presentation-du-cours/ HTTP/1.1" 200 35798
INFO 2025-09-23 22:09:21,143 basehttp 28044 32528 "GET /courses/ HTTP/1.1" 200 73520
INFO 2025-09-23 22:09:23,554 basehttp 28044 32528 "GET /courses/python-for-beginners-full-course-programming-tutorial/ HTTP/1.1" 200 103654
INFO 2025-09-23 22:09:29,196 basehttp 28044 32528 "GET /courses/python-for-beginners-full-course-programming-tutorial/lesson/0-python-for-beginners-programming-tutorial/ HTTP/1.1" 200 101966
INFO 2025-09-23 22:09:33,036 basehttp 28044 32528 "GET /dashboard/ HTTP/1.1" 200 65461
INFO 2025-09-23 22:09:37,387 basehttp 28044 32528 "GET /courses/ HTTP/1.1" 200 73520
INFO 2025-09-23 22:09:39,728 basehttp 28044 32528 "GET /dashboard/ HTTP/1.1" 200 65461
INFO 2025-09-24 10:15:17,909 autoreload 28796 23808 Watching for file changes with StatReloader
INFO 2025-09-24 10:15:23,263 basehttp 28796 38804 "GET /dashboard/ HTTP/1.1" 302 0
INFO 2025-09-24 10:15:23,284 basehttp 28796 38804 "GET /auth/login/?next=/dashboard/ HTTP/1.1" 200 8689
WARNING 2025-09-24 10:15:23,674 log 28796 38804 Not Found: /favicon.ico
WARNING 2025-09-24 10:15:23,674 basehttp 28796 38804 "GET /favicon.ico HTTP/1.1" 404 3348
INFO 2025-09-24 10:15:34,847 basehttp 28796 38804 "POST /auth/login/ HTTP/1.1" 302 0
INFO 2025-09-24 10:15:34,886 basehttp 28796 38804 "GET /dashboard/ HTTP/1.1" 200 66620
INFO 2025-09-24 10:15:40,892 basehttp 28796 38804 "GET /courses/python-pour-debutants/ HTTP/1.1" 200 49610
INFO 2025-09-24 10:15:47,971 basehttp 28796 38804 "GET /courses/python-pour-debutants/lesson/presentation-du-cours/ HTTP/1.1" 200 35798
INFO 2025-09-24 10:15:50,653 basehttp 28796 38804 "GET /courses/python-pour-debutants/lesson/installation-python/ HTTP/1.1" 200 35742
INFO 2025-09-24 10:15:53,750 basehttp 28796 38804 "GET /courses/python-pour-debutants/lesson/presentation-du-cours/ HTTP/1.1" 200 35798
INFO 2025-09-24 10:15:54,981 basehttp 28796 38804 "GET /enrollments/my-courses/ HTTP/1.1" 200 39175
INFO 2025-09-24 10:15:56,856 basehttp 28796 38804 "GET /courses/python-for-beginners-full-course-programming-tutorial/ HTTP/1.1" 200 103654
INFO 2025-09-24 10:16:00,445 basehttp 28796 38804 "GET /courses/python-for-beginners-full-course-programming-tutorial/lesson/0-python-for-beginners-programming-tutorial/ HTTP/1.1" 200 101966
INFO 2025-09-24 10:16:04,926 basehttp 28796 38804 "GET /courses/python-for-beginners-full-course-programming-tutorial/lesson/1-python-tutorial-for-beginners-introduction-to-python/ HTTP/1.1" 200 102746
INFO 2025-09-24 10:16:08,263 basehttp 28796 38804 "GET /courses/python-for-beginners-full-course-programming-tutorial/lesson/2-python-tutorial-for-beginners-python-installation-pycharm/ HTTP/1.1" 200 102651
INFO 2025-09-24 10:16:12,907 basehttp 28796 38804 "GET /courses/python-for-beginners-full-course-programming-tutorial/lesson/1-python-tutorial-for-beginners-introduction-to-python/ HTTP/1.1" 200 102746
INFO 2025-09-24 10:16:14,723 basehttp 28796 38804 "GET /courses/python-for-beginners-full-course-programming-tutorial/lesson/0-python-for-beginners-programming-tutorial/ HTTP/1.1" 200 101966
INFO 2025-09-24 10:16:19,945 basehttp 28796 38804 "GET /dashboard/ HTTP/1.1" 200 65461
INFO 2025-09-24 10:16:21,513 basehttp 28796 38804 "GET /courses/ HTTP/1.1" 200 73520
INFO 2025-09-24 10:16:23,337 basehttp 28796 38804 "GET /enrollments/my-courses/ HTTP/1.1" 200 39175
INFO 2025-09-24 10:16:28,192 basehttp 28796 38804 "GET /courses/python-for-beginners-full-course-programming-tutorial/ HTTP/1.1" 200 103654
INFO 2025-09-24 10:16:30,646 basehttp 28796 38804 "GET /courses/ HTTP/1.1" 200 73520
INFO 2025-09-24 10:16:31,984 basehttp 28796 38804 "GET /dashboard/ HTTP/1.1" 200 65461
INFO 2025-09-24 10:16:34,242 basehttp 28796 38804 "GET /enrollments/my-courses/ HTTP/1.1" 200 39175
INFO 2025-09-24 10:16:39,003 basehttp 28796 38804 "GET /enrollments/my-courses/ HTTP/1.1" 200 39175
INFO 2025-09-24 10:16:40,290 basehttp 28796 38804 "GET /progress/overview/ HTTP/1.1" 200 29666
INFO 2025-09-24 10:16:43,315 basehttp 28796 38804 "GET /dashboard/ HTTP/1.1" 200 65461
INFO 2025-09-24 10:16:45,204 basehttp 28796 38804 "GET /auth/logout/ HTTP/1.1" 302 0
INFO 2025-09-24 10:16:45,213 basehttp 28796 38804 "GET /auth/login/ HTTP/1.1" 200 8884
INFO 2025-09-24 10:18:59,924 basehttp 28796 38804 "GET / HTTP/1.1" 302 0
INFO 2025-09-24 10:18:59,934 basehttp 28796 38804 "GET /dashboard/ HTTP/1.1" 302 0
INFO 2025-09-24 10:18:59,953 basehttp 28796 38804 "GET /auth/login/?next=/dashboard/ HTTP/1.1" 200 8689
INFO 2025-09-24 10:25:26,635 autoreload 35928 30256 Watching for file changes with StatReloader
INFO 2025-09-24 10:25:32,855 basehttp 35928 32352 "GET /auth/login/?next=/dashboard/ HTTP/1.1" 200 8689
INFO 2025-09-24 10:26:11,848 basehttp 35928 32352 "POST /auth/login/ HTTP/1.1" 302 0
INFO 2025-09-24 10:26:11,909 basehttp 35928 32352 "GET /dashboard/ HTTP/1.1" 200 66620
INFO 2025-09-24 10:27:23,887 basehttp 35928 32352 "GET /courses/ HTTP/1.1" 200 73520
INFO 2025-09-24 10:27:25,807 basehttp 35928 32352 "GET /enrollments/my-courses/ HTTP/1.1" 200 39175
INFO 2025-09-24 10:28:05,688 basehttp 35928 32352 "GET /auth/logout/ HTTP/1.1" 302 0
INFO 2025-09-24 10:28:05,704 basehttp 35928 32352 "GET /auth/login/ HTTP/1.1" 200 8884
INFO 2025-09-24 10:28:09,675 basehttp 35928 32352 "GET /auth/register/ HTTP/1.1" 200 9306
ERROR 2025-09-24 10:28:44,272 log 35928 32352 Internal Server Error: /auth/register/
Traceback (most recent call last):
  File "C:\Users\frejus\Downloads\wim\wim-plateform\venv\Lib\site-packages\django\contrib\auth\__init__.py", line 129, in login
    backend = backend or user.backend
                         ^^^^^^^^^^^^
AttributeError: 'User' object has no attribute 'backend'

During handling of the above exception, another exception occurred:

Traceback (most recent call last):
  File "C:\Users\frejus\Downloads\wim\wim-plateform\venv\Lib\site-packages\django\core\handlers\exception.py", line 55, in inner
    response = get_response(request)
  File "C:\Users\frejus\Downloads\wim\wim-plateform\venv\Lib\site-packages\django\core\handlers\base.py", line 197, in _get_response
    response = wrapped_callback(request, *callback_args, **callback_kwargs)
  File "C:\Users\frejus\Downloads\wim\wim-plateform\apps\authentication\views.py", line 71, in register_view
    login(request, user)
    ~~~~~^^^^^^^^^^^^^^^
  File "C:\Users\frejus\Downloads\wim\wim-plateform\venv\Lib\site-packages\django\contrib\auth\__init__.py", line 135, in login
    raise ValueError(
    ...<3 lines>...
    )
ValueError: You have multiple authentication backends configured and therefore must provide the `backend` argument or set the `backend` attribute on the user.
ERROR 2025-09-24 10:28:44,276 basehttp 35928 32352 "POST /auth/register/ HTTP/1.1" 500 84514
INFO 2025-09-24 10:29:21,286 basehttp 35928 32352 "GET /auth/login/ HTTP/1.1" 200 8668
INFO 2025-09-24 10:34:59,367 autoreload 35928 30256 C:\Users\frejus\Downloads\wim\wim-plateform\apps\authentication\views.py changed, reloading.
INFO 2025-09-24 10:35:00,314 autoreload 4024 28600 Watching for file changes with StatReloader
INFO 2025-09-24 10:35:35,387 autoreload 4024 28600 C:\Users\frejus\Downloads\wim\wim-plateform\apps\authentication\views.py changed, reloading.
INFO 2025-09-24 10:35:36,108 autoreload 26492 27028 Watching for file changes with StatReloader
INFO 2025-09-24 10:39:54,587 autoreload 26492 27028 C:\Users\frejus\Downloads\wim\wim-plateform\apps\authentication\views.py changed, reloading.
INFO 2025-09-24 10:39:55,358 autoreload 31528 5156 Watching for file changes with StatReloader
INFO 2025-09-24 10:40:53,543 basehttp 31528 12640 "GET / HTTP/1.1" 302 0
INFO 2025-09-24 10:40:53,620 basehttp 31528 12640 "GET /dashboard/ HTTP/1.1" 302 0
INFO 2025-09-24 10:40:53,650 basehttp 31528 12640 "GET /auth/login/?next=/dashboard/ HTTP/1.1" 200 8689
INFO 2025-09-24 10:40:57,253 basehttp 31528 12640 "GET /auth/register/ HTTP/1.1" 200 9306
INFO 2025-09-24 10:41:08,399 basehttp 31528 12640 "POST /auth/register/ HTTP/1.1" 200 9524
INFO 2025-09-24 10:41:25,698 basehttp 31528 12640 "POST /auth/register/ HTTP/1.1" 200 9524
INFO 2025-09-24 10:41:40,260 basehttp 31528 12640 "POST /auth/register/ HTTP/1.1" 302 0
INFO 2025-09-24 10:41:40,303 basehttp 31528 12640 "GET /dashboard/ HTTP/1.1" 200 59322
INFO 2025-09-24 10:41:55,602 basehttp 31528 12640 "GET /courses/ HTTP/1.1" 200 73533
INFO 2025-09-24 10:41:57,331 basehttp 31528 12640 "GET /enrollments/my-courses/ HTTP/1.1" 200 28973
INFO 2025-09-24 10:41:59,651 basehttp 31528 12640 "GET /dashboard/ HTTP/1.1" 200 58153
INFO 2025-09-24 10:42:04,433 basehttp 31528 12640 "GET /courses/react-js-complet/ HTTP/1.1" 200 47866
INFO 2025-09-24 10:42:11,514 basehttp 31528 12640 "GET /courses/ HTTP/1.1" 200 73533
INFO 2025-09-24 10:42:14,177 basehttp 31528 12640 "GET /courses/python-for-beginners-full-course-programming-tutorial/ HTTP/1.1" 200 103307
INFO 2025-09-24 10:42:18,471 basehttp 31528 12640 "POST /courses/enroll/8/ HTTP/1.1" 302 0
INFO 2025-09-24 10:42:18,495 basehttp 31528 12640 "GET /courses/python-for-beginners-full-course-programming-tutorial/ HTTP/1.1" 200 104907
INFO 2025-09-24 10:42:20,127 basehttp 31528 12640 "GET /courses/python-for-beginners-full-course-programming-tutorial/lesson/0-python-for-beginners-programming-tutorial/ HTTP/1.1" 200 101978
INFO 2025-09-24 10:42:25,115 basehttp 31528 12640 "POST /courses/htmx/complete/70/ HTTP/1.1" 200 716
INFO 2025-09-24 10:42:27,694 basehttp 31528 12640 "GET /courses/python-for-beginners-full-course-programming-tutorial/lesson/1-python-tutorial-for-beginners-introduction-to-python/ HTTP/1.1" 200 102758
INFO 2025-09-24 10:43:06,531 basehttp 31528 12640 "GET /dashboard/ HTTP/1.1" 200 46136
INFO 2025-09-24 10:43:13,974 basehttp 31528 12640 "GET /dashboard/filter/?difficulty=beginner HTTP/1.1" 200 16274
INFO 2025-09-24 10:43:18,190 basehttp 31528 12640 "GET /dashboard/filter/?difficulty=intermediate HTTP/1.1" 200 15560
INFO 2025-09-24 10:43:22,638 basehttp 31528 12640 "GET /dashboard/filter/?difficulty=advanced HTTP/1.1" 200 10036
INFO 2025-09-24 10:43:27,729 basehttp 31528 12640 "GET /dashboard/filter/?category=data-science HTTP/1.1" 200 5072
INFO 2025-09-24 10:43:30,017 basehttp 31528 12640 "GET /dashboard/filter/?category=design HTTP/1.1" 200 5077
INFO 2025-09-24 10:43:32,042 basehttp 31528 12640 "GET /dashboard/filter/?category=mobile HTTP/1.1" 200 611
INFO 2025-09-24 10:43:36,332 basehttp 31528 12640 "GET /dashboard/filter/?category=dev-web HTTP/1.1" 200 21075
INFO 2025-09-24 10:43:46,631 basehttp 31528 12640 "GET /certificates/gallery/ HTTP/1.1" 200 33304
INFO 2025-09-24 10:43:58,935 basehttp 31528 12640 "GET /dashboard/ HTTP/1.1" 200 46136
INFO 2025-09-24 10:44:02,582 basehttp 31528 12640 "GET /users/settings/ HTTP/1.1" 200 38721
INFO 2025-09-24 10:44:20,370 basehttp 31528 12640 "GET /dashboard/ HTTP/1.1" 200 46136
INFO 2025-09-24 10:46:28,993 basehttp 31528 12640 "GET /auth/logout/ HTTP/1.1" 302 0
INFO 2025-09-24 10:46:29,002 basehttp 31528 12640 "GET /auth/login/ HTTP/1.1" 200 8884
INFO 2025-09-24 10:46:33,630 basehttp 31528 12640 "GET /accounts/google/login/ HTTP/1.1" 302 0
INFO 2025-09-24 10:46:47,573 basehttp 31528 12640 "GET /auth/login/ HTTP/1.1" 200 8668
INFO 2025-09-24 10:46:49,529 basehttp 31528 12640 "GET /auth/register/ HTTP/1.1" 200 9306
INFO 2025-09-24 10:46:52,388 basehttp 31528 12640 "GET /auth/login/ HTTP/1.1" 200 8668
INFO 2025-09-24 10:47:08,009 autoreload 18940 38804 Watching for file changes with StatReloader
INFO 2025-09-24 10:47:11,524 basehttp 18940 30408 "GET /auth/login/ HTTP/1.1" 200 8668
INFO 2025-09-24 10:47:17,782 basehttp 18940 30408 "GET /accounts/google/login/ HTTP/1.1" 302 0
INFO 2025-09-24 10:51:39,753 autoreload 7656 17204 Watching for file changes with StatReloader
INFO 2025-09-24 10:51:43,888 basehttp 7656 16164 "GET / HTTP/1.1" 302 0
INFO 2025-09-24 10:51:43,917 basehttp 7656 16164 "GET /dashboard/ HTTP/1.1" 302 0
INFO 2025-09-24 10:51:43,931 basehttp 7656 16164 "GET /auth/login/?next=/dashboard/ HTTP/1.1" 200 8689
INFO 2025-09-24 10:51:46,577 basehttp 7656 16164 "GET /accounts/google/login/?next=%2Fdashboard%2F HTTP/1.1" 302 0
INFO 2025-09-24 11:43:35,290 autoreload 12944 19416 Watching for file changes with StatReloader
INFO 2025-09-24 11:43:36,806 basehttp 12944 28636 "GET / HTTP/1.1" 302 0
INFO 2025-09-24 11:43:36,832 basehttp 12944 28636 "GET /dashboard/ HTTP/1.1" 302 0
INFO 2025-09-24 11:43:36,854 basehttp 12944 28636 "GET /auth/login/?next=/dashboard/ HTTP/1.1" 200 8689
INFO 2025-09-24 11:43:39,428 basehttp 12944 28636 "GET /accounts/google/login/?next=%2Fdashboard%2F HTTP/1.1" 302 0
INFO 2025-09-24 11:43:51,878 basehttp 12944 28636 "GET /accounts/google/login/?next=%2Fdashboard%2F HTTP/1.1" 302 0
ERROR 2025-09-24 11:44:16,887 log 12944 28636 Internal Server Error: /accounts/google/login/callback/
Traceback (most recent call last):
  File "C:\Users\frejus\Downloads\wim\wim-plateform\venv\Lib\site-packages\django\db\models\options.py", line 681, in get_field
    return self.fields_map[field_name]
           ~~~~~~~~~~~~~~~^^^^^^^^^^^^
KeyError: 'username'

During handling of the above exception, another exception occurred:

Traceback (most recent call last):
  File "C:\Users\frejus\Downloads\wim\wim-plateform\venv\Lib\site-packages\django\core\handlers\exception.py", line 55, in inner
    response = get_response(request)
  File "C:\Users\frejus\Downloads\wim\wim-plateform\venv\Lib\site-packages\django\core\handlers\base.py", line 197, in _get_response
    response = wrapped_callback(request, *callback_args, **callback_kwargs)
  File "C:\Users\frejus\Downloads\wim\wim-plateform\venv\Lib\site-packages\allauth\socialaccount\providers\oauth2\views.py", line 89, in view
    return self.dispatch(request, *args, **kwargs)
           ~~~~~~~~~~~~~^^^^^^^^^^^^^^^^^^^^^^^^^^
  File "C:\Users\frejus\Downloads\wim\wim-plateform\venv\Lib\site-packages\allauth\socialaccount\providers\oauth2\views.py", line 167, in dispatch
    return complete_social_login(request, login)
  File "C:\Users\frejus\Downloads\wim\wim-plateform\venv\Lib\site-packages\allauth\socialaccount\helpers.py", line 196, in complete_social_login
    return _complete_social_login(request, sociallogin)
  File "C:\Users\frejus\Downloads\wim\wim-plateform\venv\Lib\site-packages\allauth\socialaccount\helpers.py", line 214, in _complete_social_login
    ret = _process_signup(request, sociallogin)
  File "C:\Users\frejus\Downloads\wim\wim-plateform\venv\Lib\site-packages\allauth\socialaccount\helpers.py", line 79, in _process_signup
    get_account_adapter(request).clean_username(username)
    ~~~~~~~~~~~~~~~~~~~~~~~~~~~~~~~~~~~~~~~~~~~^^^^^^^^^^
  File "C:\Users\frejus\Downloads\wim\wim-plateform\venv\Lib\site-packages\allauth\account\adapter.py", line 262, in clean_username
    for validator in app_settings.USERNAME_VALIDATORS:
                     ^^^^^^^^^^^^^^^^^^^^^^^^^^^^^^^^
  File "C:\Users\frejus\Downloads\wim\wim-plateform\venv\Lib\site-packages\allauth\account\app_settings.py", line 399, in __getattr__
    return getattr(_app_settings, name)
  File "C:\Users\frejus\Downloads\wim\wim-plateform\venv\Lib\site-packages\allauth\account\app_settings.py", line 370, in USERNAME_VALIDATORS
    ._meta.get_field(self.USER_MODEL_USERNAME_FIELD)
           ~~~~~~~~~^^^^^^^^^^^^^^^^^^^^^^^^^^^^^^^^
  File "C:\Users\frejus\Downloads\wim\wim-plateform\venv\Lib\site-packages\django\db\models\options.py", line 683, in get_field
    raise FieldDoesNotExist(
        "%s has no field named '%s'" % (self.object_name, field_name)
    )
django.core.exceptions.FieldDoesNotExist: User has no field named 'username'
ERROR 2025-09-24 11:44:16,891 basehttp 12944 28636 "GET /accounts/google/login/callback/?state=5VSPm6egA42lG3xl&code=4/0AVGzR1C9qycznbGktr-Fy4dM4FNmsalCLJbKCeHdSfh4vJydnSFM_mX889GIzduxIcSSCw&scope=email%20profile%20https://www.googleapis.com/auth/userinfo.profile%20https://www.googleapis.com/auth/userinfo.email%20openid&authuser=4&prompt=consent HTTP/1.1" 500 117075
ERROR 2025-09-24 11:44:30,425 log 12944 28636 Internal Server Error: /accounts/google/login/callback/
Traceback (most recent call last):
  File "C:\Users\frejus\Downloads\wim\wim-plateform\venv\Lib\site-packages\django\db\models\options.py", line 681, in get_field
    return self.fields_map[field_name]
           ~~~~~~~~~~~~~~~^^^^^^^^^^^^
KeyError: 'username'

During handling of the above exception, another exception occurred:

Traceback (most recent call last):
  File "C:\Users\frejus\Downloads\wim\wim-plateform\venv\Lib\site-packages\django\core\handlers\exception.py", line 55, in inner
    response = get_response(request)
  File "C:\Users\frejus\Downloads\wim\wim-plateform\venv\Lib\site-packages\django\core\handlers\base.py", line 197, in _get_response
    response = wrapped_callback(request, *callback_args, **callback_kwargs)
  File "C:\Users\frejus\Downloads\wim\wim-plateform\venv\Lib\site-packages\allauth\socialaccount\providers\oauth2\views.py", line 89, in view
    return self.dispatch(request, *args, **kwargs)
           ~~~~~~~~~~~~~^^^^^^^^^^^^^^^^^^^^^^^^^^
  File "C:\Users\frejus\Downloads\wim\wim-plateform\venv\Lib\site-packages\allauth\socialaccount\providers\oauth2\views.py", line 167, in dispatch
    return complete_social_login(request, login)
  File "C:\Users\frejus\Downloads\wim\wim-plateform\venv\Lib\site-packages\allauth\socialaccount\helpers.py", line 196, in complete_social_login
    return _complete_social_login(request, sociallogin)
  File "C:\Users\frejus\Downloads\wim\wim-plateform\venv\Lib\site-packages\allauth\socialaccount\helpers.py", line 214, in _complete_social_login
    ret = _process_signup(request, sociallogin)
  File "C:\Users\frejus\Downloads\wim\wim-plateform\venv\Lib\site-packages\allauth\socialaccount\helpers.py", line 79, in _process_signup
    get_account_adapter(request).clean_username(username)
    ~~~~~~~~~~~~~~~~~~~~~~~~~~~~~~~~~~~~~~~~~~~^^^^^^^^^^
  File "C:\Users\frejus\Downloads\wim\wim-plateform\venv\Lib\site-packages\allauth\account\adapter.py", line 262, in clean_username
    for validator in app_settings.USERNAME_VALIDATORS:
                     ^^^^^^^^^^^^^^^^^^^^^^^^^^^^^^^^
  File "C:\Users\frejus\Downloads\wim\wim-plateform\venv\Lib\site-packages\allauth\account\app_settings.py", line 399, in __getattr__
    return getattr(_app_settings, name)
  File "C:\Users\frejus\Downloads\wim\wim-plateform\venv\Lib\site-packages\allauth\account\app_settings.py", line 370, in USERNAME_VALIDATORS
    ._meta.get_field(self.USER_MODEL_USERNAME_FIELD)
           ~~~~~~~~~^^^^^^^^^^^^^^^^^^^^^^^^^^^^^^^^
  File "C:\Users\frejus\Downloads\wim\wim-plateform\venv\Lib\site-packages\django\db\models\options.py", line 683, in get_field
    raise FieldDoesNotExist(
        "%s has no field named '%s'" % (self.object_name, field_name)
    )
django.core.exceptions.FieldDoesNotExist: User has no field named 'username'
ERROR 2025-09-24 11:44:30,428 basehttp 12944 28636 "GET /accounts/google/login/callback/?state=5VSPm6egA42lG3xl&code=4/0AVGzR1B1-nu-wD6rvaQbzCj5eG9ndL4ASuFqG0zuGoTOHayJfW5fa9AJKFzavb1A6alLfw&scope=email%20profile%20https://www.googleapis.com/auth/youtube.readonly%20https://www.googleapis.com/auth/userinfo.profile%20https://www.googleapis.com/auth/userinfo.email%20openid&authuser=4&prompt=consent HTTP/1.1" 500 117720
INFO 2025-09-24 11:47:39,347 autoreload 12944 19416 C:\Users\frejus\Downloads\wim\wim-plateform\config\settings.py changed, reloading.
INFO 2025-09-24 11:47:39,814 autoreload 34124 2980 Watching for file changes with StatReloader
INFO 2025-09-24 11:47:58,901 autoreload 30000 16080 Watching for file changes with StatReloader
INFO 2025-09-24 11:48:00,231 basehttp 30000 33800 "GET / HTTP/1.1" 302 0
INFO 2025-09-24 11:48:00,257 basehttp 30000 33800 "GET /dashboard/ HTTP/1.1" 302 0
INFO 2025-09-24 11:48:00,275 basehttp 30000 33800 "GET /auth/login/?next=/dashboard/ HTTP/1.1" 200 8689
INFO 2025-09-24 11:48:05,026 basehttp 30000 33800 "GET /accounts/google/login/?next=%2Fdashboard%2F HTTP/1.1" 302 0
INFO 2025-09-24 11:48:09,972 basehttp 30000 33800 "GET /accounts/google/login/callback/?state=4OTEmELGvpiIAHKR&code=4%2F0AVGzR1Dwsz4LJnFf6CZqrCMxBX7CPCZ_IhRqcB94sDGSBiENxJS-AoEVjwTkpJkMuUhwkw&scope=email+profile+https%3A%2F%2Fwww.googleapis.com%2Fauth%2Fuserinfo.profile+https%3A%2F%2Fwww.googleapis.com%2Fauth%2Fuserinfo.email+https%3A%2F%2Fwww.googleapis.com%2Fauth%2Fyoutube.readonly+openid&authuser=4&prompt=none HTTP/1.1" 302 0
INFO 2025-09-24 11:48:10,007 basehttp 30000 33800 "GET /dashboard/ HTTP/1.1" 200 59341
INFO 2025-09-24 11:48:27,836 basehttp 30000 33800 "GET /enrollments/my-courses/ HTTP/1.1" 200 28959
INFO 2025-09-24 11:48:29,417 basehttp 30000 33800 "GET /courses/ HTTP/1.1" 200 73519
INFO 2025-09-24 11:48:31,201 basehttp 30000 33800 "GET /courses/programming-web-development-crash-courses/ HTTP/1.1" 200 100996
INFO 2025-09-24 11:49:04,848 basehttp 30000 33800 "GET /enrollments/my-courses/ HTTP/1.1" 200 28959
INFO 2025-09-24 11:49:06,584 basehttp 30000 33800 "GET /dashboard/ HTTP/1.1" 200 58151
INFO 2025-09-24 11:49:08,950 basehttp 30000 33800 "GET /courses/ HTTP/1.1" 200 73519
INFO 2025-09-24 11:49:12,313 basehttp 30000 33800 "GET /courses/programming-web-development-crash-courses/ HTTP/1.1" 200 100996
INFO 2025-09-24 11:49:13,574 basehttp 30000 33800 "POST /courses/enroll/7/ HTTP/1.1" 302 0
INFO 2025-09-24 11:49:13,591 basehttp 30000 33800 "GET /courses/programming-web-development-crash-courses/ HTTP/1.1" 200 102571
INFO 2025-09-24 11:49:15,511 basehttp 30000 33800 "GET /courses/programming-web-development-crash-courses/lesson/html-crash-course-for-absolute-beginners/ HTTP/1.1" 200 98159
INFO 2025-09-24 11:49:25,933 basehttp 30000 33800 "GET /courses/programming-web-development-crash-courses/lesson/css-crash-course-for-absolute-beginners/ HTTP/1.1" 200 98683
INFO 2025-09-24 11:49:32,756 basehttp 30000 33800 "GET /courses/programming-web-development-crash-courses/lesson/javascript-crash-course-for-beginners/ HTTP/1.1" 200 98827
INFO 2025-09-24 11:49:40,649 basehttp 30000 33800 "GET /courses/programming-web-development-crash-courses/lesson/css-crash-course-for-absolute-beginners/ HTTP/1.1" 200 98683
INFO 2025-09-24 11:49:44,026 basehttp 30000 33800 "GET /enrollments/my-courses/ HTTP/1.1" 200 32179
INFO 2025-09-24 11:49:47,732 basehttp 30000 33800 "GET /dashboard/ HTTP/1.1" 200 58569
INFO 2025-09-24 11:50:13,238 basehttp 30000 33800 "GET /users/profile/24/ HTTP/1.1" 200 31331
INFO 2025-09-24 11:50:17,841 basehttp 30000 33800 "GET /auth/logout/ HTTP/1.1" 302 0
INFO 2025-09-24 11:50:17,849 basehttp 30000 33800 "GET /auth/login/ HTTP/1.1" 200 8884
INFO 2025-09-24 11:50:45,777 basehttp 30000 33800 "GET /admin/ HTTP/1.1" 302 0
INFO 2025-09-24 11:50:45,808 basehttp 30000 33800 "GET /admin/login/?next=/admin/ HTTP/1.1" 200 4211
INFO 2025-09-24 11:50:46,108 basehttp 30000 17792 "GET /static/admin/css/dark_mode.css HTTP/1.1" 200 2682
INFO 2025-09-24 11:50:46,110 basehttp 30000 17792 "GET /static/admin/js/nav_sidebar.js HTTP/1.1" 200 3063
INFO 2025-09-24 11:50:46,114 basehttp 30000 29472 "GET /static/admin/css/login.css HTTP/1.1" 200 958
INFO 2025-09-24 11:50:46,118 basehttp 30000 18708 "GET /static/admin/css/nav_sidebar.css HTTP/1.1" 200 2810
INFO 2025-09-24 11:50:46,125 basehttp 30000 33800 "GET /static/admin/css/base.css HTTP/1.1" 200 21544
INFO 2025-09-24 11:50:46,134 basehttp 30000 6852 "GET /static/admin/js/theme.js HTTP/1.1" 200 1943
INFO 2025-09-24 11:50:46,136 basehttp 30000 7904 "GET /static/admin/css/responsive.css HTTP/1.1" 200 17905
INFO 2025-09-24 11:50:48,405 basehttp 30000 7904 "POST /admin/login/?next=/admin/ HTTP/1.1" 200 4448
INFO 2025-09-24 11:50:54,391 basehttp 30000 7904 "POST /admin/login/?next=/admin/ HTTP/1.1" 302 0
INFO 2025-09-24 11:50:54,410 basehttp 30000 7904 "GET /admin/ HTTP/1.1" 200 16394
INFO 2025-09-24 11:50:54,436 basehttp 30000 7904 "GET /static/admin/css/dashboard.css HTTP/1.1" 200 441
INFO 2025-09-24 11:50:54,440 basehttp 30000 7904 "GET /static/admin/img/icon-addlink.svg HTTP/1.1" 200 331
INFO 2025-09-24 11:50:54,440 basehttp 30000 6852 "GET /static/admin/img/icon-changelink.svg HTTP/1.1" 200 380
INFO 2025-09-24 11:51:17,323 basehttp 30000 944 "GET /admin/ HTTP/1.1" 302 0
INFO 2025-09-24 11:51:17,329 basehttp 30000 944 "GET /admin/login/?next=/admin/ HTTP/1.1" 200 4211
INFO 2025-09-24 11:51:17,397 basehttp 30000 2224 "GET /static/admin/css/dark_mode.css HTTP/1.1" 200 2682
INFO 2025-09-24 11:51:17,397 basehttp 30000 944 "GET /static/admin/css/base.css HTTP/1.1" 200 21544
INFO 2025-09-24 11:51:17,398 basehttp 30000 28104 "GET /static/admin/css/nav_sidebar.css HTTP/1.1" 200 2810
INFO 2025-09-24 11:51:17,398 basehttp 30000 14164 "GET /static/admin/css/login.css HTTP/1.1" 200 958
INFO 2025-09-24 11:51:17,399 basehttp 30000 36788 "GET /static/admin/css/responsive.css HTTP/1.1" 200 17905
INFO 2025-09-24 11:51:17,562 basehttp 30000 14164 "GET /static/admin/js/nav_sidebar.js HTTP/1.1" 200 3063
INFO 2025-09-24 11:51:17,562 basehttp 30000 36788 "GET /static/admin/js/theme.js HTTP/1.1" 200 1943
WARNING 2025-09-24 11:51:17,660 log 30000 36788 Not Found: /favicon.ico
WARNING 2025-09-24 11:51:17,660 basehttp 30000 36788 "GET /favicon.ico HTTP/1.1" 404 3348
INFO 2025-09-24 11:51:25,692 basehttp 30000 36788 "POST /admin/login/?next=/admin/ HTTP/1.1" 200 4442
INFO 2025-09-24 11:51:43,187 basehttp 30000 36788 "POST /admin/login/?next=/admin/ HTTP/1.1" 200 4447
INFO 2025-09-24 11:51:55,547 basehttp 30000 6852 "GET /admin/ HTTP/1.1" 200 16394
INFO 2025-09-24 11:51:56,491 basehttp 30000 6852 "GET /admin/ HTTP/1.1" 200 16394
INFO 2025-09-24 11:51:59,205 basehttp 30000 6852 "GET / HTTP/1.1" 302 0
INFO 2025-09-24 11:51:59,231 basehttp 30000 6852 "GET /dashboard/ HTTP/1.1" 200 65461
INFO 2025-09-24 11:52:02,107 basehttp 30000 6852 "GET /admin/ HTTP/1.1" 200 16394
INFO 2025-09-24 11:52:21,853 basehttp 30000 6852 "GET /admin/courses/course/ HTTP/1.1" 200 25569
INFO 2025-09-24 11:52:21,889 basehttp 30000 6852 "GET /static/admin/css/changelists.css HTTP/1.1" 200 6811
INFO 2025-09-24 11:52:21,900 basehttp 30000 33800 "GET /static/admin/js/jquery.init.js HTTP/1.1" 200 347
INFO 2025-09-24 11:52:21,902 basehttp 30000 18708 "GET /static/admin/js/core.js HTTP/1.1" 200 6208
INFO 2025-09-24 11:52:21,902 basehttp 30000 17792 "GET /static/admin/js/actions.js HTTP/1.1" 200 8067
INFO 2025-09-24 11:52:21,903 basehttp 30000 29472 "GET /static/admin/js/admin/RelatedObjectLookups.js HTTP/1.1" 200 9042
INFO 2025-09-24 11:52:21,904 basehttp 30000 33800 "GET /static/admin/js/urlify.js HTTP/1.1" 200 7887
INFO 2025-09-24 11:52:21,907 basehttp 30000 18708 "GET /static/admin/js/prepopulate.js HTTP/1.1" 200 1531
INFO 2025-09-24 11:52:21,908 basehttp 30000 29472 "GET /static/admin/img/search.svg HTTP/1.1" 200 458
INFO 2025-09-24 11:52:21,908 basehttp 30000 33800 "GET /static/admin/img/icon-yes.svg HTTP/1.1" 200 436
INFO 2025-09-24 11:52:21,908 basehttp 30000 6852 "GET /admin/jsi18n/ HTTP/1.1" 200 8985
INFO 2025-09-24 11:52:21,910 basehttp 30000 7904 "GET /static/admin/js/vendor/jquery/jquery.js HTTP/1.1" 200 285314
INFO 2025-09-24 11:52:21,911 basehttp 30000 17792 "GET /static/admin/js/vendor/xregexp/xregexp.js HTTP/1.1" 200 325171
INFO 2025-09-24 11:52:21,920 basehttp 30000 17792 "GET /static/admin/js/filters.js HTTP/1.1" 200 978
INFO 2025-09-24 11:52:21,935 basehttp 30000 17792 "GET /static/admin/img/tooltag-add.svg HTTP/1.1" 200 331
INFO 2025-09-24 11:52:21,936 basehttp 30000 7904 "GET /static/admin/img/icon-viewlink.svg HTTP/1.1" 200 581
INFO 2025-09-24 11:52:34,860 basehttp 30000 7904 "GET /admin/socialaccount/socialapp/ HTTP/1.1" 200 15174
INFO 2025-09-24 11:52:34,916 basehttp 30000 7904 "GET /admin/jsi18n/ HTTP/1.1" 200 8985
INFO 2025-09-24 11:52:38,413 basehttp 30000 7904 "GET /admin/socialaccount/socialtoken/ HTTP/1.1" 200 16792
INFO 2025-09-24 11:52:38,442 basehttp 30000 7904 "GET /admin/jsi18n/ HTTP/1.1" 200 8985
INFO 2025-09-24 11:52:42,295 basehttp 30000 7904 "GET /admin/courses/lesson/ HTTP/1.1" 200 86078
INFO 2025-09-24 11:52:42,351 basehttp 30000 7904 "GET /admin/jsi18n/ HTTP/1.1" 200 8985
INFO 2025-09-24 11:52:42,376 basehttp 30000 7904 "GET /static/admin/img/sorting-icons.svg HTTP/1.1" 200 1097
INFO 2025-09-24 11:52:53,809 basehttp 30000 7904 "GET /admin/courses/module/ HTTP/1.1" 200 23905
INFO 2025-09-24 11:52:53,839 basehttp 30000 7904 "GET /admin/jsi18n/ HTTP/1.1" 200 8985
INFO 2025-09-24 11:53:00,121 basehttp 30000 7904 "GET /admin/enrollments/review/ HTTP/1.1" 200 26726
INFO 2025-09-24 11:53:00,179 basehttp 30000 7904 "GET /admin/jsi18n/ HTTP/1.1" 200 8985
INFO 2025-09-24 11:53:00,185 basehttp 30000 7904 "GET /static/admin/img/icon-no.svg HTTP/1.1" 200 560
INFO 2025-09-24 11:53:10,561 basehttp 30000 7904 "GET /admin/enrollments/favorite/ HTTP/1.1" 200 16577
INFO 2025-09-24 11:53:10,590 basehttp 30000 7904 "GET /admin/jsi18n/ HTTP/1.1" 200 8985
INFO 2025-09-24 11:53:11,919 basehttp 30000 7904 "GET /admin/courses/module/ HTTP/1.1" 200 23905
INFO 2025-09-24 11:53:11,974 basehttp 30000 7904 "GET /admin/jsi18n/ HTTP/1.1" 200 8985
INFO 2025-09-24 11:53:19,040 basehttp 30000 7904 "GET /admin/enrollments/enrollment/ HTTP/1.1" 200 38704
INFO 2025-09-24 11:53:19,071 basehttp 30000 7904 "GET /admin/jsi18n/ HTTP/1.1" 200 8985
INFO 2025-09-24 11:53:58,317 basehttp 30000 7904 "GET /admin/progress/lessonprogress/ HTTP/1.1" 200 40950
INFO 2025-09-24 11:53:58,387 basehttp 30000 7904 "GET /admin/jsi18n/ HTTP/1.1" 200 8985
INFO 2025-09-24 11:54:02,438 basehttp 30000 7904 "GET /admin/progress/studysession/ HTTP/1.1" 200 16668
INFO 2025-09-24 11:54:02,474 basehttp 30000 7904 "GET /admin/jsi18n/ HTTP/1.1" 200 8985
INFO 2025-09-24 11:54:03,948 basehttp 30000 7904 "GET /admin/enrollments/enrollment/ HTTP/1.1" 200 38704
INFO 2025-09-24 11:54:04,010 basehttp 30000 7904 "GET /admin/jsi18n/ HTTP/1.1" 200 8985
INFO 2025-09-24 11:54:10,103 basehttp 30000 7904 "GET /admin/sites/site/ HTTP/1.1" 200 17143
INFO 2025-09-24 11:54:10,134 basehttp 30000 7904 "GET /admin/jsi18n/ HTTP/1.1" 200 8985
INFO 2025-09-24 11:54:16,963 basehttp 30000 7904 "GET /admin/users/userpreference/ HTTP/1.1" 200 16369
INFO 2025-09-24 11:54:17,020 basehttp 30000 7904 "GET /admin/jsi18n/ HTTP/1.1" 200 8985
INFO 2025-09-24 11:54:19,349 basehttp 30000 7904 "GET /admin/users/user/ HTTP/1.1" 200 32759
INFO 2025-09-24 11:54:19,380 basehttp 30000 7904 "GET /admin/jsi18n/ HTTP/1.1" 200 8985
INFO 2025-09-24 11:54:26,350 basehttp 30000 7904 "GET /admin/users/user/?o=5 HTTP/1.1" 200 33551
INFO 2025-09-24 11:54:26,409 basehttp 30000 7904 "GET /admin/jsi18n/ HTTP/1.1" 200 8985
INFO 2025-09-24 11:54:29,637 basehttp 30000 7904 "GET /admin/ HTTP/1.1" 200 16394
INFO 2025-09-24 13:28:13,238 autoreload 16140 18524 Watching for file changes with StatReloader
INFO 2025-09-24 13:28:23,354 basehttp 16140 22276 "GET / HTTP/1.1" 302 0
INFO 2025-09-24 13:28:23,460 basehttp 16140 22276 "GET /dashboard/ HTTP/1.1" 200 65461
INFO 2025-09-24 13:28:30,470 basehttp 16140 22276 "GET /enrollments/my-courses/ HTTP/1.1" 200 39175
INFO 2025-09-24 13:28:34,484 basehttp 16140 22276 "GET /dashboard/ HTTP/1.1" 200 65461
INFO 2025-09-24 13:28:41,874 basehttp 16140 22276 "GET /progress/overview/ HTTP/1.1" 200 29666
INFO 2025-09-24 13:28:43,575 basehttp 16140 22276 "GET /enrollments/my-courses/ HTTP/1.1" 200 39175
INFO 2025-09-24 13:28:45,314 basehttp 16140 22276 "GET /dashboard/ HTTP/1.1" 200 65461
INFO 2025-09-24 13:29:25,711 basehttp 16140 22276 "GET /auth/logout/ HTTP/1.1" 302 0
INFO 2025-09-24 13:29:25,733 basehttp 16140 22276 "GET /auth/login/ HTTP/1.1" 200 8884
INFO 2025-09-24 13:29:27,857 basehttp 16140 22276 "POST /auth/login/ HTTP/1.1" 302 0
INFO 2025-09-24 13:29:27,882 basehttp 16140 22276 "GET /dashboard/ HTTP/1.1" 200 66620
INFO 2025-09-24 13:29:38,013 basehttp 16140 22276 "GET /dashboard/filter/?difficulty=intermediate HTTP/1.1" 200 15560
INFO 2025-09-24 13:29:39,879 basehttp 16140 22276 "GET /dashboard/filter/?difficulty= HTTP/1.1" 200 41708
INFO 2025-09-24 13:29:46,038 basehttp 16140 22276 "GET /dashboard/ HTTP/1.1" 200 65461
INFO 2025-09-24 13:29:49,726 basehttp 16140 22276 "GET /courses/python-for-beginners-full-course-programming-tutorial/ HTTP/1.1" 200 103654
INFO 2025-09-24 13:29:52,099 basehttp 16140 22276 "GET /courses/python-for-beginners-full-course-programming-tutorial/lesson/0-python-for-beginners-programming-tutorial/ HTTP/1.1" 200 101965
INFO 2025-09-24 13:29:59,752 basehttp 16140 22276 "GET /courses/ HTTP/1.1" 200 73520
INFO 2025-09-24 13:30:09,393 basehttp 16140 22276 "GET /courses/django-rest-api/ HTTP/1.1" 200 51753
INFO 2025-09-24 13:30:22,072 basehttp 16140 22276 "GET /dashboard/ HTTP/1.1" 200 65461
